Sender: LSF System <lsfadmin@c699c073.c699.net>
Subject: Job 6100: <#BSUB -o %J.out;#BSUB -e %J.err;#BSUB -R "span[ptile=12]";#BSUB -R "rusage[ngpus_shared=6]";#BSUB -n 96;#BSUB -x;#BSUB -q excl_ws_dd21;#BSUB -W 80;#BSUB -env "all,LSF_CPU_ISOLATION=on,LSF_IRQ_ISOLATION=on, LSF_START_JOBS_MPS=N";#BSUB -R "select[hname!='c699c026']";#BSUB -R "select[hname!='c699c072']";#BSUB -R "select[hname!='c699c032']";#BSUB -R "select[hname!='c699c007']";#BSUB -R "select[hname!='c699c016']";#BSUB -R "select[hname!='c699c017']";#BSUB -R "select[hname!='c699c025']";#BSUB -R "select[hname!='c699c013']";#BSUB -R "select[hname!='c699c018']";#---------------------------------------;#export OMP_NUM_THREADS=22;export OMP_WAIT_POLICY=active;#export HPM_GROUP_LIST=10,21; export PROFILE_RANK=-1;export USE_MPS=yes; export TMPDIR=/tmp; df -h /tmp;echo 'starting mpirun'; ls /dev/cpuset; mpirun --bind-to none -np 96 ./p9_helper_6gpu.sh ../Teton/SuOlsonTest 3x4x8_32.cmg 16 2 16 8 4> in cluster <wsclsf> Done

Job <#BSUB -o %J.out;#BSUB -e %J.err;#BSUB -R "span[ptile=12]";#BSUB -R "rusage[ngpus_shared=6]";#BSUB -n 96;#BSUB -x;#BSUB -q excl_ws_dd21;#BSUB -W 80;#BSUB -env "all,LSF_CPU_ISOLATION=on,LSF_IRQ_ISOLATION=on, LSF_START_JOBS_MPS=N";#BSUB -R "select[hname!='c699c026']";#BSUB -R "select[hname!='c699c072']";#BSUB -R "select[hname!='c699c032']";#BSUB -R "select[hname!='c699c007']";#BSUB -R "select[hname!='c699c016']";#BSUB -R "select[hname!='c699c017']";#BSUB -R "select[hname!='c699c025']";#BSUB -R "select[hname!='c699c013']";#BSUB -R "select[hname!='c699c018']";#---------------------------------------;#export OMP_NUM_THREADS=22;export OMP_WAIT_POLICY=active;#export HPM_GROUP_LIST=10,21; export PROFILE_RANK=-1;export USE_MPS=yes; export TMPDIR=/tmp; df -h /tmp;echo 'starting mpirun'; ls /dev/cpuset; mpirun --bind-to none -np 96 ./p9_helper_6gpu.sh ../Teton/SuOlsonTest 3x4x8_32.cmg 16 2 16 8 4> was submitted from host <c699c167.c699.net> by user <dappelh> in cluster <wsclsf> at Wed Nov 29 21:05:56 2017.
Job was executed on host(s) <12*c699c073>, in queue <excl_ws_dd21>, as user <dappelh> in cluster <wsclsf> at Wed Nov 29 21:15:07 2017.
                            <12*c699c070>
                            <12*c699c048>
                            <12*c699c069>
                            <12*c699c003>
                            <12*c699c074>
                            <12*c699c082>
                            <12*c699c077>
</home/dappelh> was used as the home directory.
</home/dappelh/codes/coral/umt2016-optimized/nov-runs> was used as the working directory.
Started at Wed Nov 29 21:15:07 2017.
Terminated at Wed Nov 29 21:22:32 2017.
Results reported at Wed Nov 29 21:22:32 2017.

Your job looked like:

------------------------------------------------------------
# LSBATCH: User input
#BSUB -o %J.out
#BSUB -e %J.err
#BSUB -R "span[ptile=12]"
#BSUB -R "rusage[ngpus_shared=6]"
#BSUB -n 96
#BSUB -x
#BSUB -q excl_ws_dd21
#BSUB -W 80
#BSUB -env "all,LSF_CPU_ISOLATION=on,LSF_IRQ_ISOLATION=on, LSF_START_JOBS_MPS=N"
#BSUB -R "select[hname!='c699c026']"
#BSUB -R "select[hname!='c699c072']"
#BSUB -R "select[hname!='c699c032']"
#BSUB -R "select[hname!='c699c007']"
#BSUB -R "select[hname!='c699c016']"
#BSUB -R "select[hname!='c699c017']"
#BSUB -R "select[hname!='c699c025']"
#BSUB -R "select[hname!='c699c013']"
#BSUB -R "select[hname!='c699c018']"
#---------------------------------------
#export OMP_NUM_THREADS=22
export OMP_WAIT_POLICY=active
#export HPM_GROUP_LIST=10,21

export PROFILE_RANK=-1
export USE_MPS=yes

export TMPDIR=/tmp

df -h /tmp
echo 'starting mpirun'

ls /dev/cpuset

mpirun --bind-to none -np 96 ./p9_helper_6gpu.sh ../Teton/SuOlsonTest 3x4x8_32.cmg 16 2 16 8 4



------------------------------------------------------------

Successfully completed.

Resource usage summary:

    CPU time :                                   473005.97 sec.
    Max Memory :                                 368099 MB
    Average Memory :                             196038.05 MB
    Total Requested Memory :                     -
    Delta Memory :                               -
    Max Swap :                                   -
    Max Processes :                              300
    Max Threads :                                2102
    Run time :                                   444 sec.
    Turnaround time :                            996 sec.

The output (if any) follows:

Filesystem      Size  Used Avail Use% Mounted on
rootfs          256G   24G  232G  10% /
starting mpirun
cgroup.clone_children
cgroup.procs
cgroup.sane_behavior
cpuset.cpu_exclusive
cpuset.cpus
cpuset.effective_cpus
cpuset.effective_mems
cpuset.mem_exclusive
cpuset.mem_hardwall
cpuset.memory_migrate
cpuset.memory_pressure
cpuset.memory_pressure_enabled
cpuset.memory_spread_page
cpuset.memory_spread_slab
cpuset.mems
cpuset.sched_load_balance
cpuset.sched_relax_domain_level
notify_on_release
release_agent
system
tasks
user
rank 0  using device  0
rank 1  using device  0
rank 2  using device  1
rank 3  using device  1
rank 5  using device  2
rank 6  using device  3
rank 0  using device  0
starting mps ...
rank 1  using device  0
rank 4  using device  2
rank 4  using device  2
rank 1  using device  0
CUDA_VISIBLE_DEVICES=0
taskset -c 72-75 /usr/bin/nvidia-cuda-mps-control -d
rank 3  using device  1
rank 4  using device  2
rank 6  using device  3
rank 0  using device  0
rank 6  using device  3
rank 5  using device  2
rank 7  using device  3
rank 2  using device  1
rank 7  using device  3
rank 2  using device  1
rank 3  using device  1
rank 1  using device  0
rank 2  using device  1
rank 3  using device  1
rank 4  using device  2
rank 5  using device  2
rank 0  using device  0
rank 9  using device  4
rank 5  using device  2
rank 9  using device  4
rank 1  using device  0
rank 0  using device  0
rank 7  using device  3
rank 8  using device  4
rank 2  using device  1
rank 7  using device  3
rank 6  using device  3
rank 1  using device  0
rank 2  using device  1
rank 3  using device  1
rank 0  using device  0
rank 8  using device  4
rank 10  using device  5
rank 8  using device  4
rank 11  using device  5
rank 3  using device  1
rank 10  using device  5
rank 10  using device  5
rank 1  using device  0
rank 2  using device  1
rank 3  using device  1
rank 4  using device  2
rank 5  using device  2
rank 6  using device  3
rank 0  using device  0
rank 1  using device  0
rank 2  using device  1
rank 3  using device  1
rank 4  using device  2
rank 5  using device  2
rank 6  using device  3
rank 0  using device  0
rank 11  using device  5
rank 9  using device  4
rank 8  using device  4
rank 7  using device  3
rank 9  using device  4
rank 11  using device  5
rank 4  using device  2
rank 10  using device  5
rank 11  using device  5
rank 4  using device  2
rank 6  using device  3
rank 7  using device  3
rank 7  using device  3
rank 5  using device  2
rank 6  using device  3
rank 11  using device  5
rank 10  using device  5
rank 9  using device  4
rank 8  using device  4
rank 8  using device  4
rank 5  using device  2
rank 10  using device  5
rank 9  using device  4
rank 7  using device  3
rank 8  using device  4
rank 9  using device  4
rank 8  using device  4
rank 10  using device  5
rank 11  using device  5
rank 10  using device  5
rank 11  using device  5
rank 11  using device  5
rank 9  using device  4
CUDA_VISIBLE_DEVICES=1
taskset -c 76-79 /usr/bin/nvidia-cuda-mps-control -d
CUDA_VISIBLE_DEVICES=2
taskset -c 80-83 /usr/bin/nvidia-cuda-mps-control -d
CUDA_VISIBLE_DEVICES=3
taskset -c 160-163 /usr/bin/nvidia-cuda-mps-control -d
CUDA_VISIBLE_DEVICES=4
taskset -c 164-167 /usr/bin/nvidia-cuda-mps-control -d
CUDA_VISIBLE_DEVICES=5
taskset -c 168-171 /usr/bin/nvidia-cuda-mps-control -d
 Executing UMT2015 Number of ranks =96
 and number of OMP threads  =12
 myrank = 80GPU number = 0istat =0
Check the device: no error
 myrank = 81GPU number = 0istat =0
Check the device: no error
 myrank = 59GPU number = 0istat =0
Check the device: no error
 myrank = 58GPU number = 0istat =0
Check the device: no error
 myrank = 83GPU number = 0istat =0
Check the device: no error
 myrank = 82GPU number = 0istat =0
Check the device: no error
 myrank = 78GPU number = 0istat =0
Check the device: no error
 myrank = 79GPU number = 0istat =0
Check the device: no error
 myrank = 77GPU number = 0istat =0
Check the device: no error
 myrank = 76GPU number = 0istat =0
Check the device: no error
 myrank = 72GPU number = 0istat =0
Check the device: no error
 myrank = 73GPU number = 0istat =0
Check the device: no error
 myrank = 74GPU number = 0istat =0
Check the device: no error
 myrank = 75GPU number = 0istat =0
Check the device: no error
 myrank = 52GPU number = 0istat =0
Check the device: no error
 myrank = 53GPU number = 0istat =0
Check the device: no error
 myrank = 5GPU number = 0istat =0
Check the device: no error
 myrank = 4GPU number = 0istat =0
Check the device: no error
 myrank = 57GPU number = 0istat =0
Check the device: no error
 myrank = 55GPU number = 0istat =0
Check the device: no error
 myrank = 56GPU number = 0istat =0
Check the device: no error
 myrank = 48GPU number = 0istat =0
Check the device: no error
 myrank = 50GPU number = 0istat =0
Check the device: no error
 myrank = 51GPU number = 0istat =0
Check the device: no error
 myrank = 49GPU number = 0istat =0
Check the device: no error
 myrank = 54GPU number = 0istat =0
Check the device: no error
 myrank = 11GPU number = 0istat =0
Check the device: no error
 myrank = 10GPU number = 0istat =0
Check the device: no error
 myrank = 22GPU number = 0istat =0
Check the device: no error
 myrank = 23GPU number = 0istat =0
Check the device: no error
 myrank = 1GPU number = 0istat =0
Check the device: no error
 myrank = 0GPU number = 0istat =0
Check the device: no error
 gridFileName: 3x4x8_32.cmg
 setting the number of groups=16
 Running with Product Quadrature 
 setting number of polar angles     = 8
 setting number of azimuthal angles = 4
 Building mesh...
 myrank = 7GPU number = 0istat =0
Check the device: no error
 myrank = 6GPU number = 0istat =0
Check the device: no error
 myrank = 19GPU number = 0istat =0
Check the device: no error
 myrank = 9GPU number = 0istat =0
Check the device: no error
 myrank = 8GPU number = 0istat =0
Check the device: no error
 myrank = 18GPU number = 0istat =0
Check the device: no error
 myrank = 3GPU number = 0istat =0
Check the device: no error
 myrank = 2GPU number = 0istat =0
Check the device: no error
 myrank = 17GPU number = 0istat =0
Check the device: no error
 myrank = 16GPU number = 0istat =0
Check the device: no error
 myrank = 20GPU number = 0istat =0
Check the device: no error
 myrank = 21GPU number = 0istat =0
Check the device: no error
 myrank = 12GPU number = 0istat =0
Check the device: no error
 myrank = 13GPU number = 0istat =0
Check the device: no error
 myrank = 14GPU number = 0istat =0
Check the device: no error
 myrank = 15GPU number = 0istat =0
Check the device: no error
 myrank = 46GPU number = 0istat =0
Check the device: no error
 myrank = 47GPU number = 0istat =0
Check the device: no error
 myrank = 41GPU number = 0istat =0
Check the device: no error
 myrank = 40GPU number = 0istat =0
Check the device: no error
 myrank = 44GPU number = 0istat =0
Check the device: no error
 myrank = 45GPU number = 0istat =0
Check the device: no error
 myrank = 43GPU number = 0istat =0
Check the device: no error
 myrank = 42GPU number = 0istat =0
Check the device: no error
 myrank = 38GPU number = 0istat =0
Check the device: no error
 myrank = 39GPU number = 0istat =0
Check the device: no error
 myrank = 37GPU number = 0istat =0
Check the device: no error
 myrank = 36GPU number = 0istat =0
Check the device: no error
 myrank = 66GPU number = 0istat =0
Check the device: no error
 myrank = 67GPU number = 0istat =0
Check the device: no error
 myrank = 33GPU number = 0istat =0
Check the device: no error
 myrank = 32GPU number = 0istat =0
Check the device: no error
 myrank = 95GPU number = 0istat =0
Check the device: no error
 myrank = 94GPU number = 0istat =0
Check the device: no error
 myrank = 70GPU number = 0istat =0
Check the device: no error
 myrank = 71GPU number = 0istat =0
Check the device: no error
 myrank = 68GPU number = 0istat =0
Check the device: no error
 myrank = 65GPU number = 0istat =0
Check the device: no error
 myrank = 69GPU number = 0istat =0
Check the device: no error
 myrank = 64GPU number = 0istat =0
Check the device: no error
 myrank = 88GPU number = 0istat =0
Check the device: no error
 myrank = 89GPU number = 0istat =0
Check the device: no error
 myrank = 62GPU number = 0istat =0
Check the device: no error
 myrank = 61GPU number = 0istat =0
Check the device: no error
 myrank = 63GPU number = 0istat =0
Check the device: no error
 myrank = 60GPU number = 0istat =0
Check the device: no error
 myrank = 92GPU number = 0istat =0
Check the device: no error
 myrank = 91GPU number = 0istat =0
Check the device: no error
 myrank = 93GPU number = 0istat =0
Check the device: no error
 myrank = 90GPU number = 0istat =0
Check the device: no error
 myrank = 86GPU number = 0istat =0
Check the device: no error
 myrank = 84GPU number = 0istat =0
Check the device: no error
 myrank = 87GPU number = 0istat =0
Check the device: no error
 myrank = 85GPU number = 0istat =0
Check the device: no error
 myrank = 35GPU number = 0istat =0
Check the device: no error
 myrank = 34GPU number = 0istat =0
Check the device: no error
 myrank = 30GPU number = 0istat =0
Check the device: no error
 myrank = 31GPU number = 0istat =0
Check the device: no error
 myrank = 28GPU number = 0istat =0
Check the device: no error
 myrank = 29GPU number = 0istat =0
Check the device: no error
 myrank = 25GPU number = 0istat =0
Check the device: no error
 myrank = 24GPU number = 0istat =0
Check the device: no error
 myrank = 27GPU number = 0istat =0
Check the device: no error
 myrank = 26GPU number = 0istat =0
Check the device: no error
entered initialize
got zone ids
set vol source
set frequencies
set boundary
entered initialize
got zone ids
set vol source
set frequencies
set boundary
ncornr = 419440
ncornr =419440npsi =0
temp = 0
D_ncornr_npsi =0
temp = 6711040
USING Allinged allocator 
entered initialize
got zone ids
set vol source
set frequencies
set boundary
ncornr = 419440
ncornr =419440npsi =0
temp = 0
D_ncornr_npsi =0
temp = 6711040
USING Allinged allocator 
entered initialize
got zone ids
set vol source
set frequencies
set boundary
entered initialize
got zone ids
set vol source
set frequencies
set boundary
entered initialize
got zone ids
set vol source
set frequencies
set boundary
ncornr = 419440
ncornr =419440npsi =0
temp = 0
D_ncornr_npsi =0
temp = 6711040
USING Allinged allocator 
 calling rtquad, which will set d_weight
entered initialize
got zone ids
set vol source
set frequencies
set boundary
 calling rtquad, which will set d_weight
ncornr = 419440
ncornr =419440npsi =4096
temp = 1718026240
D_ncornr_npsi =1718026240
temp = 6711040
USING Allinged allocator 
entered initialize
got zone ids
set vol source
set frequencies
set boundary
entered initialize
got zone ids
set vol source
set frequencies
set boundary
entered initialize
got zone ids
set vol source
set frequencies
set boundary
ncornr = 419440
ncornr =419440npsi =0
temp = 0
D_ncornr_npsi =0
temp = 6711040
USING Allinged allocator 
entered initialize
got zone ids
set vol source
set frequencies
set boundary
ncornr = 419440
ncornr =419440npsi =0
temp = 0
D_ncornr_npsi =0
temp = 6711040
USING Allinged allocator 
 calling rtquad, which will set d_weight
 calling rtquad, which will set d_weight
ncornr = 419440
ncornr =419440npsi =4096
temp = 1718026240
D_ncornr_npsi =1718026240
temp = 6711040
USING Allinged allocator 
entered initialize
got zone ids
set vol source
set frequencies
set boundary
ncornr = 419440
ncornr =419440npsi =0
temp = 0
D_ncornr_npsi =0
temp = 6711040
USING Allinged allocator 
ncornr = 419440
ncornr =419440npsi =0
temp = 0
D_ncornr_npsi =0
temp = 6711040
USING Allinged allocator 
 calling rtquad, which will set d_weight
ncornr = 419440
ncornr =419440npsi =0
temp = 0
D_ncornr_npsi =0
temp = 6711040
USING Allinged allocator 
ncornr = 419440
ncornr =419440npsi =0
temp = 0
D_ncornr_npsi =0
temp = 6711040
USING Allinged allocator 
 calling rtquad, which will set d_weight
ncornr = 419440
ncornr =419440npsi =4096
temp = 1718026240
D_ncornr_npsi =1718026240
temp = 6711040
USING Allinged allocator 
ncornr = 419440
ncornr =419440npsi =0
temp = 0
D_ncornr_npsi =0
temp = 6711040
USING Allinged allocator 
ncornr = 419440
ncornr =419440npsi =0
temp = 0
D_ncornr_npsi =0
temp = 6711040
USING Allinged allocator 
entered initialize
entered initialize
got zone ids
set vol source
set frequencies
got zone ids
set vol source
set frequencies
set boundary
set boundary
 calling rtquad, which will set d_weight
entered initialize
got zone ids
set vol source
set frequencies
set boundary
entered initialize
got zone ids
set vol source
set frequencies
set boundary
 calling rtquad, which will set d_weight
ncornr = 419440
ncornr =419440npsi =0
temp = 0
D_ncornr_npsi =0
temp = 6711040
USING Allinged allocator 
ncornr = 419440
ncornr =419440npsi =4096
temp = 1718026240
D_ncornr_npsi =1718026240
temp = 6711040
USING Allinged allocator 
entered initialize
got zone ids
set vol source
set frequencies
set boundary
entered initialize
got zone ids
set vol source
set frequencies
set boundary
entered initialize
got zone ids
set vol source
set frequencies
set boundary
entered initialize
got zone ids
set vol source
set frequencies
entered initialize
set boundary
got zone ids
set vol source
set frequencies
set boundary
 calling rtquad, which will set d_weight
entered initialize
got zone ids
set vol source
set frequencies
set boundary
 calling rtquad, which will set d_weight
 calling rtquad, which will set d_weight
ncornr = 419440
ncornr =419440npsi =4096
temp = 1718026240
D_ncornr_npsi =1718026240
temp = 6711040
USING Allinged allocator 
 calling rtquad, which will set d_weight
entered initialize
got zone ids
set vol source
set frequencies
set boundary
 calling rtquad, which will set d_weight
 calling rtquad, which will set d_weight
ncornr = 419440
ncornr =419440npsi =4096
temp = 1718026240
D_ncornr_npsi =1718026240
temp = 6711040
USING Allinged allocator 
ncornr = 419440
ncornr =419440npsi =4096
temp = 1718026240
D_ncornr_npsi =1718026240
temp = 6711040
USING Allinged allocator 
 calling rtquad, which will set d_weight
ncornr = 419440
ncornr =419440npsi =0
temp = 0
D_ncornr_npsi =0
temp = 6711040
USING Allinged allocator 
ncornr = 419440
ncornr =419440npsi =0
temp = 0
D_ncornr_npsi =0
temp = 6711040
USING Allinged allocator 
 calling rtquad, which will set d_weight
ncornr = 419440
ncornr =419440npsi =4096
temp = 1718026240
D_ncornr_npsi =1718026240
temp = 6711040
USING Allinged allocator 
entered initialize
ncornr = 419440
ncornr =419440npsi =0
temp = 0
D_ncornr_npsi =0
temp = 6711040
USING Allinged allocator 
got zone ids
set vol source
set frequencies
set boundary
ncornr = 419440
ncornr =419440npsi =0
temp = 0
D_ncornr_npsi =0
temp = 6711040
USING Allinged allocator 
entered initialize
got zone ids
set vol source
set frequencies
set boundary
entered initialize
got zone ids
set vol source
set frequencies
set boundary
ncornr = 419440
ncornr =419440npsi =0
temp = 0
D_ncornr_npsi =0
temp = 6711040
USING Allinged allocator 
entered initialize
got zone ids
set vol source
set frequencies
set boundary
ncornr = 419440
ncornr =419440npsi =0
temp = 0
D_ncornr_npsi =0
temp = 6711040
USING Allinged allocator 
ncornr = 419440
ncornr =419440npsi =0
temp = 0
D_ncornr_npsi =0
temp = 6711040
USING Allinged allocator 
ncornr = 419440
ncornr =419440npsi =0
temp = 0
D_ncornr_npsi =0
temp = 6711040
USING Allinged allocator 
ncornr = 419440
ncornr =419440npsi =0
temp = 0
D_ncornr_npsi =0
temp = 6711040
USING Allinged allocator 
entered initialize
entered initialize
got zone ids
set vol source
set frequencies
set boundary
entered initialize
got zone ids
set vol source
set frequencies
set boundary
got zone ids
set vol source
set frequencies
set boundary
entered initialize
got zone ids
set vol source
set frequencies
set boundary
entered initialize
got zone ids
set vol source
set frequencies
set boundary
ncornr = 419440
ncornr =419440npsi =0
temp = 0
D_ncornr_npsi =0
temp = 6711040
USING Allinged allocator 
 calling rtquad, which will set d_weight
ncornr = 419440
ncornr =419440npsi =0
temp = 0
D_ncornr_npsi =0
temp = 6711040
USING Allinged allocator 
 calling rtquad, which will set d_weight
ncornr = 419440
ncornr =419440npsi =4096
temp = 1718026240
D_ncornr_npsi =1718026240
temp = 6711040
USING Allinged allocator 
entered initialize
entered initialize
got zone ids
set vol source
set frequencies
got zone ids
set vol source
set frequencies
set boundary
set boundary
entered initialize
got zone ids
set vol source
set frequencies
set boundary
entered initialize
got zone ids
set vol source
set frequencies
set boundary
ncornr = 419440
ncornr =419440npsi =0
temp = 0
D_ncornr_npsi =0
temp = 6711040
USING Allinged allocator 
entered initialize
got zone ids
set vol source
set frequencies
set boundary
entered initialize
got zone ids
set vol source
set frequencies
set boundary
ncornr = 419440
ncornr =419440npsi =0
temp = 0
D_ncornr_npsi =0
temp = 6711040
USING Allinged allocator 
entered initialize
got zone ids
set vol source
set frequencies
set boundary
entered initialize
got zone ids
set vol source
set frequencies
ncornr = 419440
ncornr =419440npsi =0
temp = 0
D_ncornr_npsi =0
temp = 6711040
USING Allinged allocator 
set boundary
 calling rtquad, which will set d_weight
entered initialize
got zone ids
set vol source
set frequencies
set boundary
ncornr = 419440
ncornr =419440npsi =0
temp = 0
D_ncornr_npsi =0
temp = 6711040
USING Allinged allocator 
 calling rtquad, which will set d_weight
entered initialize
ncornr = 419440
ncornr =419440npsi =4096
temp = 1718026240
D_ncornr_npsi =1718026240
temp = 6711040
USING Allinged allocator 
got zone ids
set vol source
set frequencies
set boundary
ncornr = 419440
ncornr =419440npsi =0
temp = 0
D_ncornr_npsi =0
temp = 6711040
USING Allinged allocator 
ncornr = 419440
ncornr =419440npsi =0
temp = 0
D_ncornr_npsi =0
temp = 6711040
USING Allinged allocator 
entered initialize
ncornr = 419440
ncornr =419440npsi =0
temp = 0
D_ncornr_npsi =0
temp = 6711040
USING Allinged allocator 
got zone ids
set vol source
set frequencies
set boundary
ncornr = 419440
ncornr =419440npsi =0
temp = 0
D_ncornr_npsi =0
temp = 6711040
USING Allinged allocator 
ncornr = 419440
ncornr =419440npsi =0
temp = 0
D_ncornr_npsi =0
temp = 6711040
USING Allinged allocator 
entered initialize
entered initialize
got zone ids
set vol source
set frequencies
set boundary
got zone ids
set vol source
set frequencies
set boundary
entered initialize
got zone ids
set vol source
set frequencies
set boundary
entered initialize
got zone ids
set vol source
set frequencies
set boundary
ncornr = 419440
ncornr =419440npsi =0
temp = 0
D_ncornr_npsi =0
temp = 6711040
USING Allinged allocator 
ncornr = 419440
ncornr =419440npsi =0
temp = 0
D_ncornr_npsi =0
temp = 6711040
USING Allinged allocator 
ncornr = 419440
ncornr =419440npsi =0
temp = 0
D_ncornr_npsi =0
temp = 6711040
USING Allinged allocator 
ncornr = 419440
ncornr =419440npsi =0
temp = 0
D_ncornr_npsi =0
temp = 6711040
USING Allinged allocator 
entered initialize
got zone ids
set vol source
set frequencies
set boundary
ncornr = 419440
ncornr =419440npsi =0
temp = 0
D_ncornr_npsi =0
temp = 6711040
USING Allinged allocator 
ncornr = 419440
ncornr =419440npsi =0
temp = 0
D_ncornr_npsi =0
temp = 6711040
USING Allinged allocator 
entered initialize
got zone ids
set vol source
set frequencies
set boundary
entered initialize
got zone ids
set vol source
set frequencies
entered initialize
set boundary
got zone ids
set vol source
set frequencies
set boundary
entered initialize
entered initialize
got zone ids
set vol source
set frequencies
set boundary
ncornr = 419440
ncornr =419440npsi =0
temp = 0
D_ncornr_npsi =0
temp = 6711040
USING Allinged allocator 
got zone ids
set vol source
set frequencies
set boundary
 calling rtquad, which will set d_weight
ncornr = 419440
ncornr =419440npsi =0
temp = 0
D_ncornr_npsi =0
temp = 6711040
USING Allinged allocator 
 calling rtquad, which will set d_weight
ncornr = 419440
ncornr =419440npsi =0
temp = 0
D_ncornr_npsi =0
temp = 6711040
USING Allinged allocator 
 calling rtquad, which will set d_weight
 calling rtquad, which will set d_weight
 calling rtquad, which will set d_weight
ncornr = 419440
ncornr =419440npsi =0
temp = 0
D_ncornr_npsi =0
temp = 6711040
USING Allinged allocator 
ncornr = 419440
ncornr =419440npsi =4096
temp = 1718026240
D_ncornr_npsi =1718026240
temp = 6711040
USING Allinged allocator 
entered initialize
ncornr = 419440
ncornr =419440npsi =4096
temp = 1718026240
D_ncornr_npsi =1718026240
temp = 6711040
USING Allinged allocator 
got zone ids
set vol source
set frequencies
set boundary
entered initialize
ncornr = 419440
ncornr =419440npsi =0
temp = 0
D_ncornr_npsi =0
temp = 6711040
USING Allinged allocator 
got zone ids
set vol source
set frequencies
 calling rtquad, which will set d_weight
set boundary
ncornr = 419440
ncornr =419440npsi =4096
temp = 1718026240
D_ncornr_npsi =1718026240
temp = 6711040
USING Allinged allocator 
entered initialize
ncornr = 419440
ncornr =419440npsi =0
temp = 0
D_ncornr_npsi =0
temp = 6711040
USING Allinged allocator 
got zone ids
set vol source
set frequencies
set boundary
ncornr = 419440
ncornr =419440npsi =0
temp = 0
D_ncornr_npsi =0
temp = 6711040
USING Allinged allocator 
entered initialize
got zone ids
set vol source
set frequencies
set boundary
entered initialize
got zone ids
set vol source
set frequencies
set boundary
ncornr = 419440
ncornr =419440npsi =0
temp = 0
D_ncornr_npsi =0
temp = 6711040
USING Allinged allocator 
 calling rtquad, which will set d_weight
ncornr = 419440
ncornr =419440npsi =0
temp = 0
D_ncornr_npsi =0
temp = 6711040
USING Allinged allocator 
entered initialize
got zone ids
set vol source
set frequencies
set boundary
entered initialize
got zone ids
set vol source
set frequencies
set boundary
ncornr = 419440
ncornr =419440npsi =0
temp = 0
D_ncornr_npsi =0
temp = 6711040
USING Allinged allocator 
 calling rtquad, which will set d_weight
entered initialize
got zone ids
set vol source
set frequencies
set boundary
entered initialize
got zone ids
set vol source
set frequencies
set boundary
ncornr = 419440
ncornr =419440npsi =4096
temp = 1718026240
D_ncornr_npsi =1718026240
temp = 6711040
USING Allinged allocator 
ncornr = 419440
ncornr =419440npsi =0
temp = 0
D_ncornr_npsi =0
temp = 6711040
USING Allinged allocator 
entered initialize
got zone ids
set vol source
set frequencies
set boundary
ncornr = 419440
ncornr =419440npsi =0
temp = 0
D_ncornr_npsi =0
temp = 6711040
USING Allinged allocator 
ncornr = 419440
ncornr =419440npsi =0
temp = 0
D_ncornr_npsi =0
temp = 6711040
USING Allinged allocator 
entered initialize
got zone ids
set vol source
set frequencies
set boundary
ncornr = 419440
ncornr =419440npsi =0
temp = 0
D_ncornr_npsi =0
temp = 6711040
USING Allinged allocator 
ncornr = 419440
ncornr =419440npsi =0
temp = 0
D_ncornr_npsi =0
temp = 6711040
USING Allinged allocator 
entered initialize
entered initialize
got zone ids
set vol source
set frequencies
got zone ids
set vol source
set frequencies
set boundary
set boundary
entered initialize
got zone ids
set vol source
set frequencies
set boundary
 calling rtquad, which will set d_weight
entered initialize
got zone ids
set vol source
set frequencies
set boundary
ncornr = 419440
ncornr =419440npsi =0
temp = 0
D_ncornr_npsi =0
temp = 6711040
USING Allinged allocator 
entered initialize
got zone ids
set vol source
set frequencies
set boundary
 calling rtquad, which will set d_weight
ncornr = 419440
ncornr =419440npsi =0
temp = 0
D_ncornr_npsi =0
temp = 6711040
USING Allinged allocator 
ncornr = 419440
ncornr =419440npsi =4096
temp = 1718026240
D_ncornr_npsi =1718026240
temp = 6711040
USING Allinged allocator 
 calling rtquad, which will set d_weight
entered initialize
got zone ids
set vol source
set frequencies
set boundary
ncornr = 419440
ncornr =419440npsi =0
temp = 0
D_ncornr_npsi =0
temp = 6711040
USING Allinged allocator 
entered initialize
got zone ids
set vol source
set frequencies
set boundary
ncornr = 419440
ncornr =419440npsi =0
temp = 0
D_ncornr_npsi =0
temp = 6711040
USING Allinged allocator 
ncornr = 419440
ncornr =419440npsi =0
temp = 0
D_ncornr_npsi =0
temp = 6711040
USING Allinged allocator 
 calling rtquad, which will set d_weight
ncornr = 419440
ncornr =419440npsi =4096
temp = 1718026240
D_ncornr_npsi =1718026240
temp = 6711040
USING Allinged allocator 
ncornr = 419440
ncornr =419440npsi =0
temp = 0
D_ncornr_npsi =0
temp = 6711040
USING Allinged allocator 
ncornr = 419440
ncornr =419440npsi =0
temp = 0
D_ncornr_npsi =0
temp = 6711040
USING Allinged allocator 
ncornr = 419440
ncornr =419440npsi =0
temp = 0
D_ncornr_npsi =0
temp = 6711040
USING Allinged allocator 
 Mesh complete.
ncornr = 419440
ncornr =419440npsi =0
temp = 0
D_ncornr_npsi =0
temp = 6711040
USING Allinged allocator 
 Initializing Teton object...
entered initialize
got zone ids
set vol source
set frequencies
set boundary
ncornr = 419440
ncornr =419440npsi =0
temp = 0
D_ncornr_npsi =0
temp = 6711040
USING Allinged allocator 
ncornr = 419440
ncornr =419440npsi =0
temp = 0
D_ncornr_npsi =0
temp = 6711040
USING Allinged allocator 
 calling rtquad, which will set d_weight
ncornr = 419440
ncornr =419440npsi =0
temp = 0
D_ncornr_npsi =0
temp = 6711040
USING Allinged allocator 
ncornr = 419440
ncornr =419440npsi =0
temp = 0
D_ncornr_npsi =0
temp = 6711040
USING Allinged allocator 
ncornr = 419440
ncornr =419440npsi =0
temp = 0
D_ncornr_npsi =0
temp = 6711040
USING Allinged allocator 
 calling rtquad, which will set d_weight
ncornr = 419440
ncornr =419440npsi =4096
temp = 1718026240
D_ncornr_npsi =1718026240
temp = 6711040
USING Allinged allocator 
ncornr = 419440
ncornr =419440npsi =0
temp = 0
D_ncornr_npsi =0
temp = 6711040
USING Allinged allocator 
ncornr = 419440
ncornr =419440npsi =0
temp = 0
D_ncornr_npsi =0
temp = 6711040
USING Allinged allocator 
 calling rtquad, which will set d_weight
ncornr = 419440
ncornr =419440npsi =0
temp = 0
D_ncornr_npsi =0
temp = 6711040
USING Allinged allocator 
entered initialize
got zone ids
set vol source
set frequencies
set boundary
 calling rtquad, which will set d_weight
ncornr = 419440
ncornr =419440npsi =4096
temp = 1718026240
D_ncornr_npsi =1718026240
temp = 6711040
USING Allinged allocator 
entered initialize
entered initialize
got zone ids
set vol source
set frequencies
got zone ids
set vol source
set frequencies
set boundary
set boundary
ncornr = 419440
ncornr =419440npsi =0
temp = 0
D_ncornr_npsi =0
temp = 6711040
USING Allinged allocator 
entered initialize
got zone ids
set vol source
set frequencies
set boundary
entered initialize
got zone ids
set vol source
set frequencies
set boundary
 calling rtquad, which will set d_weight
 calling rtquad, which will set d_weight
ncornr = 419440
ncornr =419440npsi =4096
temp = 1718026240
D_ncornr_npsi =1718026240
temp = 6711040
USING Allinged allocator 
entered initialize
got zone ids
set vol source
set frequencies
set boundary
ncornr = 419440
ncornr =419440npsi =0
temp = 0
D_ncornr_npsi =0
temp = 6711040
USING Allinged allocator 
entered initialize
entered initialize
got zone ids
set vol source
set frequencies
set boundary
got zone ids
set vol source
set frequencies
set boundary
 calling rtquad, which will set d_weight
 calling rtquad, which will set d_weight
ncornr = 419440
ncornr =419440npsi =4096
temp = 1718026240
D_ncornr_npsi =1718026240
temp = 6711040
USING Allinged allocator 
entered initialize
got zone ids
set vol source
set frequencies
set boundary
 calling rtquad, which will set d_weight
 calling rtquad, which will set d_weight
 calling rtquad, which will set d_weight
entered initialize
got zone ids
set vol source
set frequencies
 calling rtquad, which will set d_weight
set boundary
ncornr = 419440
ncornr =419440npsi =4096
temp = 1718026240
D_ncornr_npsi =1718026240
temp = 6711040
USING Allinged allocator 
ncornr = 419440
ncornr =419440npsi =0
temp = 0
D_ncornr_npsi =0
temp = 6711040
USING Allinged allocator 
ncornr = 419440
ncornr =419440npsi =0
temp = 0
D_ncornr_npsi =0
temp = 6711040
USING Allinged allocator 
 calling rtquad, which will set d_weight
 calling rtquad, which will set d_weight
ncornr = 419440
ncornr =419440npsi =0
temp = 0
D_ncornr_npsi =0
temp = 6711040
USING Allinged allocator 
ncornr = 419440
ncornr =419440npsi =4096
temp = 1718026240
D_ncornr_npsi =1718026240
temp = 6711040
USING Allinged allocator 
 calling rtquad, which will set d_weight
ncornr = 419440
ncornr =419440npsi =4096
temp = 1718026240
D_ncornr_npsi =1718026240
temp = 6711040
USING Allinged allocator 
 calling rtquad, which will set d_weight
ncornr = 419440
ncornr =419440npsi =0
temp = 0
D_ncornr_npsi =0
temp = 6711040
USING Allinged allocator 
ncornr = 419440
ncornr =419440npsi =4096
temp = 1718026240
D_ncornr_npsi =1718026240
temp = 6711040
USING Allinged allocator 
ncornr = 419440
ncornr =419440npsi =0
temp = 0
D_ncornr_npsi =0
temp = 6711040
USING Allinged allocator 
 calling rtquad, which will set d_weight
 calling rtquad, which will set d_weight
ncornr = 419440
ncornr =419440npsi =4096
temp = 1718026240
D_ncornr_npsi =1718026240
temp = 6711040
USING Allinged allocator 
 calling rtquad, which will set d_weight
 calling rtquad, which will set d_weight
ncornr = 419440
ncornr =419440npsi =0
temp = 0
D_ncornr_npsi =0
temp = 6711040
USING Allinged allocator 
entered initialize
got zone ids
set vol source
set frequencies
ncornr = 419440
ncornr =419440npsi =0
temp = 0
D_ncornr_npsi =0
temp = 6711040
USING Allinged allocator 
set boundary
ncornr = 419440
ncornr =419440npsi =0
temp = 0
D_ncornr_npsi =0
temp = 6711040
USING Allinged allocator 
 calling rtquad, which will set d_weight
 calling rtquad, which will set d_weight
entered initialize
ncornr = 419440
ncornr =419440npsi =4096
temp = 1718026240
D_ncornr_npsi =1718026240
temp = 6711040
USING Allinged allocator 
ncornr = 419440
ncornr =419440npsi =4096
temp = 1718026240
D_ncornr_npsi =1718026240
temp = 6711040
USING Allinged allocator 
got zone ids
set vol source
set frequencies
set boundary
 calling rtquad, which will set d_weight
 calling rtquad, which will set d_weight
 calling rtquad, which will set d_weight
ncornr = 419440
ncornr =419440npsi =4096
temp = 1718026240
D_ncornr_npsi =1718026240
temp = 6711040
USING Allinged allocator 
 calling rtquad, which will set d_weight
ncornr = 419440
ncornr =419440npsi =4096
temp = 1718026240
D_ncornr_npsi =1718026240
temp = 6711040
USING Allinged allocator 
ncornr = 419440
ncornr =419440npsi =0
temp = 0
D_ncornr_npsi =0
temp = 6711040
USING Allinged allocator 
entered initialize
got zone ids
set vol source
set frequencies
set boundary
ncornr = 419440
ncornr =419440npsi =0
temp = 0
D_ncornr_npsi =0
temp = 6711040
USING Allinged allocator 
 calling rtquad, which will set d_weight
 calling rtquad, which will set d_weight
ncornr = 419440
ncornr =419440npsi =4096
temp = 1718026240
D_ncornr_npsi =1718026240
temp = 6711040
USING Allinged allocator 
 calling rtquad, which will set d_weight
 calling rtquad, which will set d_weight
 calling rtquad, which will set d_weight
 calling rtquad, which will set d_weight
 calling rtquad, which will set d_weight
ncornr = 419440
ncornr =419440npsi =4096
temp = 1718026240
D_ncornr_npsi =1718026240
temp = 6711040
USING Allinged allocator 
ncornr = 419440
ncornr =419440npsi =0
temp = 0
D_ncornr_npsi =0
temp = 6711040
USING Allinged allocator 
entered initialize
 calling rtquad, which will set d_weight
entered initialize
got zone ids
set vol source
set frequencies
set boundary
got zone ids
set vol source
set frequencies
ncornr = 419440
ncornr =419440npsi =0
temp = 0
D_ncornr_npsi =0
temp = 6711040
USING Allinged allocator 
set boundary
entered initialize
got zone ids
set vol source
set frequencies
set boundary
ncornr = 419440
ncornr =419440npsi =4096
temp = 1718026240
D_ncornr_npsi =1718026240
temp = 6711040
USING Allinged allocator 
 calling rtquad, which will set d_weight
 calling rtquad, which will set d_weight
 calling rtquad, which will set d_weight
 calling rtquad, which will set d_weight
ncornr = 419440
ncornr =419440npsi =4096
temp = 1718026240
D_ncornr_npsi =1718026240
temp = 6711040
USING Allinged allocator 
 calling rtquad, which will set d_weight
ncornr = 419440
ncornr =419440npsi =4096
temp = 1718026240
D_ncornr_npsi =1718026240
temp = 6711040
USING Allinged allocator 
 calling rtquad, which will set d_weight
ncornr = 419440
ncornr =419440npsi =0
temp = 0
D_ncornr_npsi =0
temp = 6711040
USING Allinged allocator 
 calling rtquad, which will set d_weight
ncornr = 419440
ncornr =419440npsi =4096
temp = 1718026240
D_ncornr_npsi =1718026240
temp = 6711040
USING Allinged allocator 
entered initialize
got zone ids
set vol source
set frequencies
set boundary
 calling rtquad, which will set d_weight
 calling rtquad, which will set d_weight
 calling rtquad, which will set d_weight
ncornr = 419440
ncornr =419440npsi =4096
temp = 1718026240
D_ncornr_npsi =1718026240
temp = 6711040
USING Allinged allocator 
 calling rtquad, which will set d_weight
 calling rtquad, which will set d_weight
ncornr = 419440
ncornr =419440npsi =4096
temp = 1718026240
D_ncornr_npsi =1718026240
temp = 6711040
USING Allinged allocator 
ncornr = 419440
ncornr =419440npsi =4096
temp = 1718026240
D_ncornr_npsi =1718026240
temp = 6711040
USING Allinged allocator 
 calling rtquad, which will set d_weight
 calling rtquad, which will set d_weight
 calling rtquad, which will set d_weight
ncornr = 419440
ncornr =419440npsi =4096
temp = 1718026240
D_ncornr_npsi =1718026240
temp = 6711040
USING Allinged allocator 
 calling rtquad, which will set d_weight
ncornr = 419440
ncornr =419440npsi =4096
temp = 1718026240
D_ncornr_npsi =1718026240
temp = 6711040
USING Allinged allocator 
ncornr = 419440
ncornr =419440npsi =4096
temp = 1718026240
D_ncornr_npsi =1718026240
temp = 6711040
USING Allinged allocator 
ncornr = 419440
ncornr =419440npsi =0
temp = 0
D_ncornr_npsi =0
temp = 6711040
USING Allinged allocator 
ncornr = 419440
ncornr =419440npsi =0
temp = 0
D_ncornr_npsi =0
temp = 6711040
USING Allinged allocator 
ncornr = 419440
ncornr =419440npsi =0
temp = 0
D_ncornr_npsi =0
temp = 6711040
USING Allinged allocator 
 calling rtquad, which will set d_weight
 calling rtquad, which will set d_weight
 calling rtquad, which will set d_weight
 calling rtquad, which will set d_weight
 calling rtquad, which will set d_weight
 calling rtquad, which will set d_weight
ncornr = 419440
ncornr =419440npsi =4096
temp = 1718026240
D_ncornr_npsi =1718026240
temp = 6711040
USING Allinged allocator 
ncornr = 419440
ncornr =419440npsi =4096
temp = 1718026240
D_ncornr_npsi =1718026240
temp = 6711040
USING Allinged allocator 
 calling rtquad, which will set d_weight
 calling rtquad, which will set d_weight
 calling rtquad, which will set d_weight
 calling rtquad, which will set d_weight
 calling rtquad, which will set d_weight
ncornr = 419440
ncornr =419440npsi =0
temp = 0
D_ncornr_npsi =0
temp = 6711040
USING Allinged allocator 
 calling rtquad, which will set d_weight
ncornr = 419440
ncornr =419440npsi =4096
temp = 1718026240
D_ncornr_npsi =1718026240
temp = 6711040
USING Allinged allocator 
ncornr = 419440
ncornr =419440npsi =4096
temp = 1718026240
D_ncornr_npsi =1718026240
temp = 6711040
USING Allinged allocator 
ncornr = 419440
ncornr =419440npsi =4096
temp = 1718026240
D_ncornr_npsi =1718026240
temp = 6711040
USING Allinged allocator 
 calling rtquad, which will set d_weight
 calling rtquad, which will set d_weight
ncornr = 419440
ncornr =419440npsi =4096
temp = 1718026240
D_ncornr_npsi =1718026240
temp = 6711040
USING Allinged allocator 
 calling rtquad, which will set d_weight
 calling rtquad, which will set d_weight
ncornr = 419440
ncornr =419440npsi =4096
temp = 1718026240
D_ncornr_npsi =1718026240
temp = 6711040
USING Allinged allocator 
 calling rtquad, which will set d_weight
 calling rtquad, which will set d_weight
 calling rtquad, which will set d_weight
ncornr = 419440
ncornr =419440npsi =4096
temp = 1718026240
D_ncornr_npsi =1718026240
temp = 6711040
USING Allinged allocator 
 calling rtquad, which will set d_weight
 calling rtquad, which will set d_weight
 calling rtquad, which will set d_weight
 calling rtquad, which will set d_weight
ncornr = 419440
ncornr =419440npsi =4096
temp = 1718026240
D_ncornr_npsi =1718026240
temp = 6711040
USING Allinged allocator 
ncornr = 419440
ncornr =419440npsi =4096
temp = 1718026240
D_ncornr_npsi =1718026240
temp = 6711040
USING Allinged allocator 
 calling rtquad, which will set d_weight
 calling rtquad, which will set d_weight
 calling rtquad, which will set d_weight
 calling rtquad, which will set d_weight
ncornr = 419440
ncornr =419440npsi =4096
temp = 1718026240
D_ncornr_npsi =1718026240
temp = 6711040
USING Allinged allocator 
 calling rtquad, which will set d_weight
 calling rtquad, which will set d_weight
ncornr = 419440
ncornr =419440npsi =4096
temp = 1718026240
D_ncornr_npsi =1718026240
temp = 6711040
USING Allinged allocator 
 calling rtquad, which will set d_weight
ncornr = 419440
ncornr =419440npsi =4096
temp = 1718026240
D_ncornr_npsi =1718026240
temp = 6711040
USING Allinged allocator 
 calling rtquad, which will set d_weight
ncornr = 419440
ncornr =419440npsi =4096
temp = 1718026240
D_ncornr_npsi =1718026240
temp = 6711040
USING Allinged allocator 
 calling rtquad, which will set d_weight
 calling rtquad, which will set d_weight
 calling rtquad, which will set d_weight
 calling rtquad, which will set d_weight
 calling rtquad, which will set d_weight
ncornr = 419440
ncornr =419440npsi =4096
temp = 1718026240
D_ncornr_npsi =1718026240
temp = 6711040
USING Allinged allocator 
ncornr = 419440
ncornr =419440npsi =4096
temp = 1718026240
D_ncornr_npsi =1718026240
temp = 6711040
USING Allinged allocator 
ncornr = 419440
ncornr =419440npsi =4096
temp = 1718026240
D_ncornr_npsi =1718026240
temp = 6711040
USING Allinged allocator 
entered initialize
 calling rtquad, which will set d_weight
got zone ids
set vol source
set frequencies
 calling rtquad, which will set d_weight
set boundary
ncornr = 419440
ncornr =419440npsi =4096
temp = 1718026240
D_ncornr_npsi =1718026240
temp = 6711040
USING Allinged allocator 
 calling rtquad, which will set d_weight
 calling rtquad, which will set d_weight
ncornr = 419440
ncornr =419440npsi =4096
temp = 1718026240
D_ncornr_npsi =1718026240
temp = 6711040
USING Allinged allocator 
 calling rtquad, which will set d_weight
 calling rtquad, which will set d_weight
 calling rtquad, which will set d_weight
 calling rtquad, which will set d_weight
 calling rtquad, which will set d_weight
ncornr = 419440
ncornr =419440npsi =4096
temp = 1718026240
D_ncornr_npsi =1718026240
temp = 6711040
USING Allinged allocator 
ncornr = 419440
ncornr =419440npsi =4096
temp = 1718026240
D_ncornr_npsi =1718026240
temp = 6711040
USING Allinged allocator 
 calling rtquad, which will set d_weight
 calling rtquad, which will set d_weight
 calling rtquad, which will set d_weight
ncornr = 419440
ncornr =419440npsi =4096
temp = 1718026240
D_ncornr_npsi =1718026240
temp = 6711040
USING Allinged allocator 
ncornr = 419440
ncornr =419440npsi =4096
temp = 1718026240
D_ncornr_npsi =1718026240
temp = 6711040
USING Allinged allocator 
 calling rtquad, which will set d_weight
ncornr = 419440
ncornr =419440npsi =4096
temp = 1718026240
D_ncornr_npsi =1718026240
temp = 6711040
USING Allinged allocator 
 calling rtquad, which will set d_weight
 calling rtquad, which will set d_weight
 calling rtquad, which will set d_weight
 calling rtquad, which will set d_weight
ncornr = 419440
ncornr =419440npsi =4096
temp = 1718026240
D_ncornr_npsi =1718026240
temp = 6711040
USING Allinged allocator 
 calling rtquad, which will set d_weight
 calling rtquad, which will set d_weight
 calling rtquad, which will set d_weight
ncornr = 419440
ncornr =419440npsi =4096
temp = 1718026240
D_ncornr_npsi =1718026240
temp = 6711040
USING Allinged allocator 
ncornr = 419440
ncornr =419440npsi =4096
temp = 1718026240
D_ncornr_npsi =1718026240
temp = 6711040
USING Allinged allocator 
 calling rtquad, which will set d_weight
 calling rtquad, which will set d_weight
ncornr = 419440
ncornr =419440npsi =4096
temp = 1718026240
D_ncornr_npsi =1718026240
temp = 6711040
USING Allinged allocator 
 calling rtquad, which will set d_weight
 calling rtquad, which will set d_weight
 calling rtquad, which will set d_weight
 calling rtquad, which will set d_weight
ncornr = 419440
ncornr =419440npsi =4096
temp = 1718026240
D_ncornr_npsi =1718026240
temp = 6711040
USING Allinged allocator 
 calling rtquad, which will set d_weight
ncornr = 419440
ncornr =419440npsi =4096
temp = 1718026240
D_ncornr_npsi =1718026240
temp = 6711040
USING Allinged allocator 
 calling rtquad, which will set d_weight
ncornr = 419440
ncornr =419440npsi =0
temp = 0
D_ncornr_npsi =0
temp = 6711040
USING Allinged allocator 
 calling rtquad, which will set d_weight
 calling rtquad, which will set d_weight
ncornr = 419440
ncornr =419440npsi =4096
temp = 1718026240
D_ncornr_npsi =1718026240
temp = 6711040
USING Allinged allocator 
ncornr = 419440
ncornr =419440npsi =4096
temp = 1718026240
D_ncornr_npsi =1718026240
temp = 6711040
USING Allinged allocator 
 calling rtquad, which will set d_weight
ncornr = 419440
ncornr =419440npsi =4096
temp = 1718026240
D_ncornr_npsi =1718026240
temp = 6711040
USING Allinged allocator 
 calling rtquad, which will set d_weight
 calling rtquad, which will set d_weight
 calling rtquad, which will set d_weight
 calling rtquad, which will set d_weight
ncornr = 419440
ncornr =419440npsi =4096
temp = 1718026240
D_ncornr_npsi =1718026240
temp = 6711040
USING Allinged allocator 
 calling rtquad, which will set d_weight
 calling rtquad, which will set d_weight
 calling rtquad, which will set d_weight
ncornr = 419440
ncornr =419440npsi =4096
temp = 1718026240
D_ncornr_npsi =1718026240
temp = 6711040
USING Allinged allocator 
ncornr = 419440
ncornr =419440npsi =4096
temp = 1718026240
D_ncornr_npsi =1718026240
temp = 6711040
USING Allinged allocator 
ncornr = 419440
ncornr =419440npsi =4096
temp = 1718026240
D_ncornr_npsi =1718026240
temp = 6711040
USING Allinged allocator 
 calling rtquad, which will set d_weight
 calling rtquad, which will set d_weight
 calling rtquad, which will set d_weight
entered initialize
got zone ids
set vol source
set frequencies
set boundary
entered initialize
got zone ids
set vol source
set frequencies
set boundary
 calling rtquad, which will set d_weight
 calling rtquad, which will set d_weight
 calling rtquad, which will set d_weight
 calling rtquad, which will set d_weight
 calling rtquad, which will set d_weight
 calling rtquad, which will set d_weight
 calling rtquad, which will set d_weight
 calling rtquad, which will set d_weight
ncornr = 419440
ncornr =419440npsi =4096
temp = 1718026240
D_ncornr_npsi =1718026240
temp = 6711040
USING Allinged allocator 
 calling rtquad, which will set d_weight
 calling rtquad, which will set d_weight
 calling rtquad, which will set d_weight
 calling rtquad, which will set d_weight
 calling rtquad, which will set d_weight
 calling rtquad, which will set d_weight
 calling rtquad, which will set d_weight
 calling rtquad, which will set d_weight
ncornr = 419440
ncornr =419440npsi =4096
temp = 1718026240
D_ncornr_npsi =1718026240
temp = 6711040
USING Allinged allocator 
ncornr = 419440
ncornr =419440npsi =4096
temp = 1718026240
D_ncornr_npsi =1718026240
temp = 6711040
USING Allinged allocator 
ncornr = 419440
ncornr =419440npsi =4096
temp = 1718026240
D_ncornr_npsi =1718026240
temp = 6711040
USING Allinged allocator 
ncornr = 419440
ncornr =419440npsi =4096
temp = 1718026240
D_ncornr_npsi =1718026240
temp = 6711040
USING Allinged allocator 
 calling rtquad, which will set d_weight
 calling rtquad, which will set d_weight
ncornr = 419440
ncornr =419440npsi =4096
temp = 1718026240
D_ncornr_npsi =1718026240
temp = 6711040
USING Allinged allocator 
ncornr = 419440
ncornr =419440npsi =0
temp = 0
D_ncornr_npsi =0
temp = 6711040
USING Allinged allocator 
ncornr = 419440
ncornr =419440npsi =4096
temp = 1718026240
D_ncornr_npsi =1718026240
temp = 6711040
USING Allinged allocator 
ncornr = 419440
ncornr =419440npsi =4096
temp = 1718026240
D_ncornr_npsi =1718026240
temp = 6711040
USING Allinged allocator 
ncornr = 419440
ncornr =419440npsi =4096
temp = 1718026240
D_ncornr_npsi =1718026240
temp = 6711040
USING Allinged allocator 
ncornr = 419440
ncornr =419440npsi =4096
temp = 1718026240
D_ncornr_npsi =1718026240
temp = 6711040
USING Allinged allocator 
 calling rtquad, which will set d_weight
ncornr = 419440
ncornr =419440npsi =0
temp = 0
D_ncornr_npsi =0
temp = 6711040
USING Allinged allocator 
ncornr = 419440
ncornr =419440npsi =4096
temp = 1718026240
D_ncornr_npsi =1718026240
temp = 6711040
USING Allinged allocator 
entered initialize
got zone ids
set vol source
set frequencies
set boundary
ncornr = 419440
ncornr =419440npsi =0
temp = 0
D_ncornr_npsi =0
temp = 6711040
USING Allinged allocator 
 calling rtquad, which will set d_weight
 calling rtquad, which will set d_weight
ncornr = 419440
ncornr =419440npsi =4096
temp = 1718026240
D_ncornr_npsi =1718026240
temp = 6711040
USING Allinged allocator 
 calling rtquad, which will set d_weight
 calling rtquad, which will set d_weight
ncornr = 419440
ncornr =419440npsi =4096
temp = 1718026240
D_ncornr_npsi =1718026240
temp = 6711040
USING Allinged allocator 
 calling rtquad, which will set d_weight
entered initialize
got zone ids
set vol source
set frequencies
 calling rtquad, which will set d_weight
set boundary
ncornr = 419440
ncornr =419440npsi =4096
temp = 1718026240
D_ncornr_npsi =1718026240
temp = 6711040
USING Allinged allocator 
ncornr = 419440
ncornr =419440npsi =0
temp = 0
D_ncornr_npsi =0
temp = 6711040
USING Allinged allocator 
 calling rtquad, which will set d_weight
entered initialize
got zone ids
set vol source
set frequencies
set boundary
 calling rtquad, which will set d_weight
ncornr = 419440
ncornr =419440npsi =4096
temp = 1718026240
D_ncornr_npsi =1718026240
temp = 6711040
USING Allinged allocator 
 calling rtquad, which will set d_weight
 calling rtquad, which will set d_weight
ncornr = 419440
ncornr =419440npsi =4096
temp = 1718026240
D_ncornr_npsi =1718026240
temp = 6711040
USING Allinged allocator 
ncornr = 419440
ncornr =419440npsi =0
temp = 0
D_ncornr_npsi =0
temp = 6711040
USING Allinged allocator 
entered initialize
got zone ids
set vol source
set frequencies
set boundary
ncornr = 419440
ncornr =419440npsi =0
temp = 0
D_ncornr_npsi =0
temp = 6711040
USING Allinged allocator 
 calling rtquad, which will set d_weight
 calling rtquad, which will set d_weight
ncornr = 419440
ncornr =419440npsi =4096
temp = 1718026240
D_ncornr_npsi =1718026240
temp = 6711040
USING Allinged allocator 
 calling rtquad, which will set d_weight
 calling rtquad, which will set d_weight
ncornr = 419440
ncornr =419440npsi =4096
temp = 1718026240
D_ncornr_npsi =1718026240
temp = 6711040
USING Allinged allocator 
linkKull
linkKull
linkKull
linkKull
linkKull
linkKull
linkKull
linkKull
linkKull
linkKull
linkKull
linkKull
linkKull
linkKull
linkKull
linkKull
linkKull
linkKull
linkKull
linkKull
linkKull
linkKull
linkKull
linkKull
linkKull
linkKull
linkKull
linkKull
linkKull
linkKull
linkKull
linkKull
linkKull
linkKull
linkKull
linkKull
linkKull
linkKull
linkKull
linkKull
linkKull
linkKull
linkKull
linkKull
linkKull
linkKull
linkKull
linkKull
linkKull
linkKull
linkKull
linkKull
linkKull
linkKull
linkKull
linkKull
linkKull
linkKull
linkKull
linkKull
linkKull
linkKull
linkKull
linkKull
linkKull
linkKull
linkKull
linkKull
linkKull
linkKull
linkKull
linkKull
linkKull
linkKull
linkKull
linkKull
linkKull
linkKull
linkKull
linkKull
linkKull
linkKull
linkKull
linkKull
linkKull
linkKull
linkKull
linkKull
linkKull
linkKull
linkKull
linkKull
linkKull
linkKull
linkKull
linkKull
calling rtinit. ownedZones = 52430
calling rtinit. ownedZones = 52430
calling rtinit. ownedZones = 52430
calling rtinit. ownedZones = 52430
calling rtinit. ownedZones = 52430
calling rtinit. ownedZones = 52430
calling rtinit. ownedZones = 52430
calling rtinit. ownedZones = 52430
calling rtinit. ownedZones = 52430
calling rtinit. ownedZones = 52430
calling rtinit. ownedZones = 52430
calling rtinit. ownedZones = 52430
calling rtinit. ownedZones = 52430
calling rtinit. ownedZones = 52430
calling rtinit. ownedZones = 52430
calling rtinit. ownedZones = 52430
calling rtinit. ownedZones = 52430
calling rtinit. ownedZones = 52430
calling rtinit. ownedZones = 52430
calling rtinit. ownedZones = 52430
calling rtinit. ownedZones = 52430
calling rtinit. ownedZones = 52430
calling rtinit. ownedZones = 52430
calling rtinit. ownedZones = 52430
calling rtinit. ownedZones = 52430
calling rtinit. ownedZones = 52430
calling rtinit. ownedZones = 52430
calling rtinit. ownedZones = 52430
calling rtinit. ownedZones = 52430
calling rtinit. ownedZones = 52430
calling rtinit. ownedZones = 52430
calling rtinit. ownedZones = 52430
calling rtinit. ownedZones = 52430
calling rtinit. ownedZones = 52430
calling rtinit. ownedZones = 52430
calling rtinit. ownedZones = 52430
calling rtinit. ownedZones = 52430
calling rtinit. ownedZones = 52430
calling rtinit. ownedZones = 52430
calling rtinit. ownedZones = 52430
calling rtinit. ownedZones = 52430
calling rtinit. ownedZones = 52430
calling rtinit. ownedZones = 52430
calling rtinit. ownedZones = 52430
calling rtinit. ownedZones = 52430
calling rtinit. ownedZones = 52430
calling rtinit. ownedZones = 52430
calling rtinit. ownedZones = 52430
calling rtinit. ownedZones = 52430
calling rtinit. ownedZones = 52430
calling rtinit. ownedZones = 52430
calling rtinit. ownedZones = 52430
calling rtinit. ownedZones = 52430
calling rtinit. ownedZones = 52430
calling rtinit. ownedZones = 52430
calling rtinit. ownedZones = 52430
calling rtinit. ownedZones = 52430
calling rtinit. ownedZones = 52430
calling rtinit. ownedZones = 52430
calling rtinit. ownedZones = 52430
calling rtinit. ownedZones = 52430
calling rtinit. ownedZones = 52430
calling rtinit. ownedZones = 52430
calling rtinit. ownedZones = 52430
calling rtinit. ownedZones = 52430
calling rtinit. ownedZones = 52430
calling rtinit. ownedZones = 52430
calling rtinit. ownedZones = 52430
calling rtinit. ownedZones = 52430
calling rtinit. ownedZones = 52430
calling rtinit. ownedZones = 52430
calling rtinit. ownedZones = 52430
calling rtinit. ownedZones = 52430
calling rtinit. ownedZones = 52430
calling rtinit. ownedZones = 52430
calling rtinit. ownedZones = 52430
calling rtinit. ownedZones = 52430
calling rtinit. ownedZones = 52430
calling rtinit. ownedZones = 52430
calling rtinit. ownedZones = 52430
calling rtinit. ownedZones = 52430
calling rtinit. ownedZones = 52430
calling rtinit. ownedZones = 52430
calling rtinit. ownedZones = 52430
calling rtinit. ownedZones = 52430
calling rtinit. ownedZones = 52430
calling rtinit. ownedZones = 52430
calling rtinit. ownedZones = 52430
calling rtinit. ownedZones = 52430
calling rtinit. ownedZones = 52430
calling rtinit. ownedZones = 52430
calling rtinit. ownedZones = 52430
calling rtinit. ownedZones = 52430
calling rtinit. ownedZones = 52430
calling rtinit. ownedZones = 52430
calling rtinit. ownedZones = 52430
finished rtinit
set CInitMaterial
finished rtinit
set CInitMaterial
finished rtinit
set CInitMaterial
finished rtinit
set CInitMaterial
finished rtinit
set CInitMaterial
finished rtinit
set CInitMaterial
finished rtinit
set CInitMaterial
finished rtinit
set CInitMaterial
finished rtinit
set CInitMaterial
finished rtinit
set CInitMaterial
finished rtinit
set CInitMaterial
finished rtinit
set CInitMaterial
finished rtinit
set CInitMaterial
finished rtinit
set CInitMaterial
finished rtinit
set CInitMaterial
finished rtinit
set CInitMaterial
finished rtinit
set CInitMaterial
finished rtinit
set CInitMaterial
finished rtinit
set CInitMaterial
finished rtinit
set CInitMaterial
finished rtinit
set CInitMaterial
finished rtinit
set CInitMaterial
finished rtinit
set CInitMaterial
finished rtinit
set CInitMaterial
finished rtinit
set CInitMaterial
finished rtinit
set CInitMaterial
finished rtinit
set CInitMaterial
finished rtinit
set CInitMaterial
finished rtinit
set CInitMaterial
finished rtinit
set CInitMaterial
finished rtinit
set CInitMaterial
finished rtinit
set CInitMaterial
finished rtinit
set CInitMaterial
finished rtinit
set CInitMaterial
finished rtinit
set CInitMaterial
finished rtinit
set CInitMaterial
finished rtinit
set CInitMaterial
finished rtinit
set CInitMaterial
finished rtinit
set CInitMaterial
finished rtinit
set CInitMaterial
finished rtinit
set CInitMaterial
finished rtinit
set CInitMaterial
finished rtinit
set CInitMaterial
finished rtinit
set CInitMaterial
finished rtinit
set CInitMaterial
finished rtinit
set CInitMaterial
finished rtinit
set CInitMaterial
finished rtinit
set CInitMaterial
finished rtinit
set CInitMaterial
finished rtinit
set CInitMaterial
finished rtinit
set CInitMaterial
finished rtinit
set CInitMaterial
finished rtinit
set CInitMaterial
finished rtinit
set CInitMaterial
finished rtinit
set CInitMaterial
finished rtinit
set CInitMaterial
finished rtinit
set CInitMaterial
finished rtinit
set CInitMaterial
finished rtinit
set CInitMaterial
finished rtinit
set CInitMaterial
finished rtinit
set CInitMaterial
finished rtinit
set CInitMaterial
finished rtinit
set CInitMaterial
finished rtinit
set CInitMaterial
finished rtinit
set CInitMaterial
finished rtinit
set CInitMaterial
finished rtinit
set CInitMaterial
finished rtinit
set CInitMaterial
finished rtinit
set CInitMaterial
finished rtinit
set CInitMaterial
finished rtinit
set CInitMaterial
finished rtinit
set CInitMaterial
finished rtinit
set CInitMaterial
finished rtinit
set CInitMaterial
finished rtinit
set CInitMaterial
finished rtinit
set CInitMaterial
finished rtinit
set CInitMaterial
finished rtinit
set CInitMaterial
finished rtinit
set CInitMaterial
finished rtinit
set CInitMaterial
finished rtinit
set CInitMaterial
finished rtinit
set CInitMaterial
finished rtinit
set CInitMaterial
finished rtinit
set CInitMaterial
finished rtinit
set CInitMaterial
finished rtinit
set CInitMaterial
finished rtinit
set CInitMaterial
finished rtinit
set CInitMaterial
finished rtinit
set CInitMaterial
finished rtinit
set CInitMaterial
finished rtinit
set CInitMaterial
finished rtinit
set CInitMaterial
finished rtinit
set CInitMaterial
finished rtinit
set CInitMaterial
finished rtinit
set CInitMaterial
finished rtinit
set CInitMaterial
    done.
 Starting time advance...
 sizeof(psib):     805306368
 sizeof(psib):     805306368
 sizeof(psib):     805306368
 sizeof(psib):     805306368
 sizeof(psib):     805306368
 sizeof(psib):     805306368
 sizeof(psib):     805306368
 sizeof(psib):     805306368
 sizeof(psib):     805306368
 sizeof(psib):     805306368
 sizeof(psib):     805306368
 sizeof(psib):     805306368
 sizeof(psib):     805306368
 sizeof(psib):     805306368
 sizeof(psib):     805306368
 sizeof(psib):     805306368
 sizeof(psib):     805306368
 sizeof(psib):     805306368
 sizeof(psib):     805306368
 sizeof(psib):     805306368
 sizeof(psib):     805306368
 sizeof(psib):     805306368
 sizeof(psib):     805306368
 sizeof(psib):     805306368
 sizeof(psib):     805306368
 sizeof(psib):     805306368
 sizeof(psib):     805306368
 sizeof(psib):     805306368
 sizeof(psib):     805306368
 sizeof(psib):     805306368
 sizeof(psib):     805306368
 sizeof(psib):     805306368
 sizeof(psib):     805306368
 sizeof(psib):     805306368
 sizeof(psib):     805306368
 sizeof(psib):     805306368
 sizeof(psib):     805306368
 sizeof(psib):     805306368
 sizeof(psib):     805306368
 sizeof(psib):     805306368
 sizeof(psib):     805306368
 sizeof(psib):     805306368
 sizeof(psib):     805306368
 sizeof(psib):     805306368
 sizeof(psib):     805306368
 sizeof(psib):     805306368
 sizeof(psib):     805306368
 sizeof(psib):     805306368
 sizeof(psib):     805306368
 sizeof(psib):     805306368
 sizeof(psib):     805306368
 sizeof(psib):     805306368
 sizeof(psib):     805306368
 sizeof(psib):     805306368
 sizeof(psib):     805306368
 sizeof(psib):     805306368
 sizeof(psib):     805306368
 sizeof(psib):     805306368
 sizeof(psib):     805306368
 sizeof(psib):     805306368
 sizeof(psib):     805306368
 sizeof(psib):     805306368
 sizeof(psib):     805306368
 sizeof(psib):     805306368
 sizeof(psib):     805306368
 sizeof(psib):     805306368
 sizeof(psib):     805306368
 sizeof(psib):     805306368
 sizeof(psib):     805306368
 sizeof(psib):     805306368
 sizeof(psib):     805306368
 sizeof(psib):     805306368
 sizeof(psib):     805306368
 sizeof(psib):     805306368
 sizeof(psib):     805306368
 sizeof(psib):     805306368
 sizeof(psib):     805306368
 sizeof(psib):     805306368
 sizeof(psib):     805306368
 sizeof(psib):     805306368
 sizeof(psib):     805306368
 sizeof(psib):     805306368
 sizeof(psib):     805306368
 sizeof(psib):     805306368
 sizeof(psib):     805306368
 sizeof(psib):     805306368
 sizeof(psib):     805306368
 sizeof(psib):     805306368
 sizeof(psib):     805306368
 sizeof(psib):     805306368
 sizeof(psib):     805306368
 sizeof(psib):     805306368
 sizeof(psib):     805306368
 sizeof(psib):     805306368
 sizeof(psib):     805306368
 sizeof(psib):     805306368
 size(psib) =                805306368
 size(psi) =              13744209920
 size(phi) =                 53688320
 size(stime) =               13744209920
 size(next_mem) =                 429507584
 size(omega_A_fp) =               2577039360
 size(psib) =                805306368
 size(psi) =              13744209920
 size(phi) =                 53688320
 size(stime) =               13744209920
 size(next_mem) =                 429507584
 size(omega_A_fp) =               2577039360
 size(psib) =                805306368
 size(psi) =              13744209920
 size(phi) =                 53688320
 size(stime) =               13744209920
 size(next_mem) =                 429507584
 size(omega_A_fp) =               2577039360
 size(psib) =                805306368
 size(psi) =              13744209920
 size(phi) =                 53688320
 size(stime) =               13744209920
 size(next_mem) =                 429507584
 size(omega_A_fp) =               2577039360
 sweep_mem =              33931000832
 size(psib) =                805306368
 size(psi) =              13744209920
 size(phi) =                 53688320
 size(stime) =               13744209920
 size(next_mem) =                 429507584
 size(omega_A_fp) =               2577039360
 size(psib) =                805306368
 size(psi) =              13744209920
 size(phi) =                 53688320
 size(stime) =               13744209920
 size(next_mem) =                 429507584
 size(omega_A_fp) =               2577039360
 size(psib) =                805306368
 size(psi) =              13744209920
 size(phi) =                 53688320
 size(stime) =               13744209920
 size(next_mem) =                 429507584
 size(psib) =                805306368
 size(psi) =              13744209920
 size(phi) =                 53688320
 size(stime) =               13744209920
 size(next_mem) =                 429507584
 size(omega_A_fp) =               2577039360
 size(psib) =                805306368
 size(psi) =              13744209920
 size(phi) =                 53688320
 size(stime) =               13744209920
 size(next_mem) =                 429507584
 size(omega_A_fp) =               2577039360
 size(psib) =                805306368
 size(psi) =              13744209920
 size(phi) =                 53688320
 size(stime) =               13744209920
 size(next_mem) =                 429507584
 size(omega_A_fp) =               2577039360
 size(psib) =                805306368
 size(psi) =              13744209920
 size(phi) =                 53688320
 size(stime) =               13744209920
 size(next_mem) =                 429507584
 size(omega_A_fp) =               2577039360
 size(omega_A_fp) =               2577039360
 size(psib) =                805306368
 size(psi) =              13744209920
 size(phi) =                 53688320
 size(stime) =               13744209920
 size(next_mem) =                 429507584
 size(omega_A_fp) =               2577039360
 size(psib) =                805306368
 size(psi) =              13744209920
 size(phi) =                 53688320
 size(stime) =               13744209920
 size(psib) =                805306368
 size(psi) =              13744209920
 size(phi) =                 53688320
 size(stime) =               13744209920
 size(next_mem) =                 429507584
 size(psib) =                805306368
 size(psi) =              13744209920
 size(phi) =                 53688320
 size(stime) =               13744209920
 size(next_mem) =                 429507584
 size(omega_A_fp) =               2577039360
 size(psib) =                805306368
 size(psi) =              13744209920
 size(phi) =                 53688320
 size(stime) =               13744209920
 size(next_mem) =                 429507584
 size(omega_A_fp) =               2577039360
 size(psib) =                805306368
 size(psi) =              13744209920
 size(phi) =                 53688320
 size(stime) =               13744209920
 size(psib) =                805306368
 size(psi) =              13744209920
 size(phi) =                 53688320
 size(stime) =               13744209920
 size(next_mem) =                 429507584
 size(omega_A_fp) =               2577039360
 size(psib) =                805306368
 size(psi) =              13744209920
 size(phi) =                 53688320
 size(stime) =               13744209920
 size(psib) =                805306368
 size(psi) =              13744209920
 size(phi) =                 53688320
 size(stime) =               13744209920
 size(next_mem) =                 429507584
 size(psib) =                805306368
 size(psi) =              13744209920
 size(phi) =                 53688320
 size(stime) =               13744209920
 size(psib) =                805306368
 size(psi) =              13744209920
 size(phi) =                 53688320
 size(stime) =               13744209920
 size(next_mem) =                 429507584
 size(omega_A_fp) =               2577039360
 size(psib) =                805306368
 size(psi) =              13744209920
 size(phi) =                 53688320
 size(stime) =               13744209920
 size(next_mem) =                 429507584
 size(omega_A_fp) =               2577039360
 size(psib) =                805306368
 size(psi) =              13744209920
 size(phi) =                 53688320
 size(stime) =               13744209920
 size(next_mem) =                 429507584
 size(omega_A_fp) =               2577039360
 size(psib) =                805306368
 size(psi) =              13744209920
 size(phi) =                 53688320
 size(stime) =               13744209920
 size(psib) =                805306368
 size(psi) =              13744209920
 size(phi) =                 53688320
 size(stime) =               13744209920
 size(next_mem) =                 429507584
 size(omega_A_fp) =               2577039360
 size(psib) =                805306368
 size(psi) =              13744209920
 size(phi) =                 53688320
 size(stime) =               13744209920
 size(next_mem) =                 429507584
 size(omega_A_fp) =               2577039360
 size(psib) =                805306368
 size(psi) =              13744209920
 size(phi) =                 53688320
 size(stime) =               13744209920
 size(next_mem) =                 429507584
 size(omega_A_fp) =               2577039360
 size(psib) =                805306368
 size(psi) =              13744209920
 size(phi) =                 53688320
 size(stime) =               13744209920
 size(next_mem) =                 429507584
 size(omega_A_fp) =               2577039360
 size(psib) =                805306368
 size(psi) =              13744209920
 size(phi) =                 53688320
 size(stime) =               13744209920
 size(psib) =                805306368
 size(psi) =              13744209920
 size(phi) =                 53688320
 size(stime) =               13744209920
 size(next_mem) =                 429507584
 size(omega_A_fp) =               2577039360
 size(psib) =                805306368
 size(psi) =              13744209920
 size(phi) =                 53688320
 size(stime) =               13744209920
 size(next_mem) =                 429507584
 size(omega_A_fp) =               2577039360
 size(psib) =                805306368
 size(psi) =              13744209920
 size(phi) =                 53688320
 size(stime) =               13744209920
 size(next_mem) =                 429507584
 size(omega_A_fp) =               2577039360
 size(psib) =                805306368
 size(psi) =              13744209920
 size(phi) =                 53688320
 size(stime) =               13744209920
 size(next_mem) =                 429507584
 size(omega_A_fp) =               2577039360
 size(psib) =                805306368
 size(psi) =              13744209920
 size(phi) =                 53688320
 size(stime) =               13744209920
 size(next_mem) =                 429507584
 size(omega_A_fp) =               2577039360
 size(psib) =                805306368
 size(psi) =              13744209920
 size(phi) =                 53688320
 size(stime) =               13744209920
 size(next_mem) =                 429507584
 size(psib) =                805306368
 size(psi) =              13744209920
 size(phi) =                 53688320
 size(stime) =               13744209920
 size(next_mem) =                 429507584
 size(omega_A_fp) =               2577039360
 size(psib) =                805306368
 size(psi) =              13744209920
 size(phi) =                 53688320
 size(stime) =               13744209920
 size(next_mem) =                 429507584
 size(omega_A_fp) =               2577039360
 size(psib) =                805306368
 size(psi) =              13744209920
 size(phi) =                 53688320
 size(stime) =               13744209920
 size(next_mem) =                 429507584
 size(omega_A_fp) =               2577039360
 size(psib) =                805306368
 size(psi) =              13744209920
 size(phi) =                 53688320
 size(stime) =               13744209920
 size(next_mem) =                 429507584
 size(omega_A_fp) =               2577039360
 size(psib) =                805306368
 size(psi) =              13744209920
 size(phi) =                 53688320
 size(stime) =               13744209920
 size(next_mem) =                 429507584
 size(omega_A_fp) =               2577039360
 size(psib) =                805306368
 size(psi) =              13744209920
 size(phi) =                 53688320
 size(stime) =               13744209920
 size(next_mem) =                 429507584
 size(omega_A_fp) =               2577039360
 size(psib) =                805306368
 size(psi) =              13744209920
 size(phi) =                 53688320
 size(stime) =               13744209920
 size(next_mem) =                 429507584
 size(psib) =                805306368
 size(psi) =              13744209920
 size(phi) =                 53688320
 size(stime) =               13744209920
 size(next_mem) =                 429507584
 size(omega_A_fp) =               2577039360
 size(psib) =                805306368
 size(psi) =              13744209920
 size(phi) =                 53688320
 size(stime) =               13744209920
 size(next_mem) =                 429507584
 size(omega_A_fp) =               2577039360
 size(psib) =                805306368
 size(psi) =              13744209920
 size(phi) =                 53688320
 size(stime) =               13744209920
 size(next_mem) =                 429507584
 size(omega_A_fp) =               2577039360
 size(psib) =                805306368
 size(psi) =              13744209920
 size(phi) =                 53688320
 size(stime) =               13744209920
 size(next_mem) =                 429507584
 size(omega_A_fp) =               2577039360
 size(psib) =                805306368
 size(psi) =              13744209920
 size(phi) =                 53688320
 size(stime) =               13744209920
 size(next_mem) =                 429507584
 size(omega_A_fp) =               2577039360
 size(psib) =                805306368
 size(psi) =              13744209920
 size(phi) =                 53688320
 size(stime) =               13744209920
 size(next_mem) =                 429507584
 size(omega_A_fp) =               2577039360
 size(psib) =                805306368
 size(psi) =              13744209920
 size(phi) =                 53688320
 size(stime) =               13744209920
 size(next_mem) =                 429507584
 size(omega_A_fp) =               2577039360
 size(psib) =                805306368
 size(psi) =              13744209920
 size(phi) =                 53688320
 size(stime) =               13744209920
 size(next_mem) =                 429507584
 size(omega_A_fp) =               2577039360
 size(psib) =                805306368
 size(psi) =              13744209920
 size(phi) =                 53688320
 size(stime) =               13744209920
 size(next_mem) =                 429507584
 size(omega_A_fp) =               2577039360
 size(psib) =                805306368
 size(psi) =              13744209920
 size(phi) =                 53688320
 size(stime) =               13744209920
 size(next_mem) =                 429507584
 size(psib) =                805306368
 size(psi) =              13744209920
 size(phi) =                 53688320
 size(stime) =               13744209920
 size(next_mem) =                 429507584
 size(omega_A_fp) =               2577039360
 size(psib) =                805306368
 size(psi) =              13744209920
 size(phi) =                 53688320
 size(stime) =               13744209920
 size(next_mem) =                 429507584
 size(omega_A_fp) =               2577039360
 size(psib) =                805306368
 size(psi) =              13744209920
 size(phi) =                 53688320
 size(stime) =               13744209920
 size(next_mem) =                 429507584
 size(omega_A_fp) =               2577039360
 size(psib) =                805306368
 size(psi) =              13744209920
 size(phi) =                 53688320
 size(stime) =               13744209920
 size(next_mem) =                 429507584
 size(omega_A_fp) =               2577039360
 size(psib) =                805306368
 size(psi) =              13744209920
 size(phi) =                 53688320
 size(stime) =               13744209920
 size(next_mem) =                 429507584
 size(omega_A_fp) =               2577039360
 size(psib) =                805306368
 size(psi) =              13744209920
 size(phi) =                 53688320
 size(stime) =               13744209920
 size(next_mem) =                 429507584
 size(omega_A_fp) =               2577039360
 size(next_mem) =                 429507584
 size(omega_A_fp) =               2577039360
 size(psib) =                805306368
 size(psi) =              13744209920
 size(phi) =                 53688320
 size(stime) =               13744209920
 size(next_mem) =                 429507584
 size(omega_A_fp) =               2577039360
 size(psib) =                805306368
 size(psi) =              13744209920
 size(phi) =                 53688320
 size(stime) =               13744209920
 size(next_mem) =                 429507584
 size(omega_A_fp) =               2577039360
 size(psib) =                805306368
 size(psi) =              13744209920
 size(phi) =                 53688320
 size(stime) =               13744209920
 size(next_mem) =                 429507584
 size(omega_A_fp) =               2577039360
 size(psib) =                805306368
 size(psi) =              13744209920
 size(phi) =                 53688320
 size(stime) =               13744209920
 size(next_mem) =                 429507584
 size(omega_A_fp) =               2577039360
 size(psib) =                805306368
 size(psi) =              13744209920
 size(phi) =                 53688320
 size(stime) =               13744209920
 size(next_mem) =                 429507584
 size(omega_A_fp) =               2577039360
 size(psib) =                805306368
 size(psib) =                805306368
 size(psi) =              13744209920
 size(phi) =                 53688320
 size(stime) =               13744209920
 size(next_mem) =                 429507584
 size(omega_A_fp) =               2577039360
 size(psib) =                805306368
 size(psi) =              13744209920
 size(phi) =                 53688320
 size(stime) =               13744209920
 size(psib) =                805306368
 size(psi) =              13744209920
 size(phi) =                 53688320
 size(stime) =               13744209920
 size(next_mem) =                 429507584
 size(omega_A_fp) =               2577039360
 size(psib) =                805306368
 size(psi) =              13744209920
 size(phi) =                 53688320
 size(stime) =               13744209920
 size(next_mem) =                 429507584
 size(omega_A_fp) =               2577039360
 size(psib) =                805306368
 size(psi) =              13744209920
 size(phi) =                 53688320
 size(stime) =               13744209920
 size(next_mem) =                 429507584
 size(omega_A_fp) =               2577039360
 size(psib) =                805306368
 size(psi) =              13744209920
 size(phi) =                 53688320
 size(stime) =               13744209920
 size(next_mem) =                 429507584
 size(omega_A_fp) =               2577039360
 size(next_mem) =                 429507584
 size(omega_A_fp) =               2577039360
 size(psib) =                805306368
 size(psi) =              13744209920
 size(phi) =                 53688320
 size(stime) =               13744209920
 size(next_mem) =                 429507584
 size(omega_A_fp) =               2577039360
 size(psib) =                805306368
 size(psi) =              13744209920
 size(phi) =                 53688320
 size(stime) =               13744209920
 size(next_mem) =                 429507584
 size(omega_A_fp) =               2577039360
 size(next_mem) =                 429507584
 size(omega_A_fp) =               2577039360
 size(psib) =                805306368
 size(psi) =              13744209920
 size(phi) =                 53688320
 size(stime) =               13744209920
 size(next_mem) =                 429507584
 size(omega_A_fp) =               2577039360
 size(next_mem) =                 429507584
 size(omega_A_fp) =               2577039360
 size(psib) =                805306368
 size(psi) =              13744209920
 size(phi) =                 53688320
 size(stime) =               13744209920
 size(next_mem) =                 429507584
 size(omega_A_fp) =               2577039360
 size(psib) =                805306368
 size(psi) =              13744209920
 size(phi) =                 53688320
 size(stime) =               13744209920
 size(next_mem) =                 429507584
 size(omega_A_fp) =               2577039360
 size(psib) =                805306368
 size(psi) =              13744209920
 size(phi) =                 53688320
 size(stime) =               13744209920
 size(next_mem) =                 429507584
 size(omega_A_fp) =               2577039360
 size(psib) =                805306368
 size(psi) =              13744209920
 size(phi) =                 53688320
 size(stime) =               13744209920
 size(next_mem) =                 429507584
 size(omega_A_fp) =               2577039360
 size(psib) =                805306368
 size(psi) =              13744209920
 size(phi) =                 53688320
 size(stime) =               13744209920
 size(psib) =                805306368
 size(psi) =              13744209920
 size(phi) =                 53688320
 size(stime) =               13744209920
 size(next_mem) =                 429507584
 size(omega_A_fp) =               2577039360
 size(psib) =                805306368
 size(psi) =              13744209920
 size(phi) =                 53688320
 size(psib) =                805306368
 size(psi) =              13744209920
 size(phi) =                 53688320
 size(stime) =               13744209920
 size(next_mem) =                 429507584
 size(omega_A_fp) =               2577039360
 size(omega_A_fp) =               2577039360
 size(psib) =                805306368
 size(psi) =              13744209920
 size(phi) =                 53688320
 size(stime) =               13744209920
 size(next_mem) =                 429507584
 size(psib) =                805306368
 size(psi) =              13744209920
 size(phi) =                 53688320
 size(stime) =               13744209920
 size(next_mem) =                 429507584
 size(omega_A_fp) =               2577039360
 size(psib) =                805306368
 size(psi) =              13744209920
 size(phi) =                 53688320
 size(stime) =               13744209920
 size(next_mem) =                 429507584
 size(omega_A_fp) =               2577039360
 size(psib) =                805306368
 size(psi) =              13744209920
 size(phi) =                 53688320
 size(stime) =               13744209920
 size(next_mem) =                 429507584
 size(omega_A_fp) =               2577039360
 size(next_mem) =                 429507584
 size(omega_A_fp) =               2577039360
 size(psib) =                805306368
 size(psi) =              13744209920
 size(phi) =                 53688320
 size(stime) =               13744209920
 size(next_mem) =                 429507584
 size(omega_A_fp) =               2577039360
 size(psib) =                805306368
 size(psi) =              13744209920
 size(phi) =                 53688320
 size(stime) =               13744209920
 size(next_mem) =                 429507584
 size(omega_A_fp) =               2577039360
 size(omega_A_fp) =               2577039360
 size(psib) =                805306368
 size(psi) =              13744209920
 size(phi) =                 53688320
 size(stime) =               13744209920
 size(next_mem) =                 429507584
 size(omega_A_fp) =               2577039360
 size(psib) =                805306368
 size(psi) =              13744209920
 size(psi) =              13744209920
 size(phi) =                 53688320
 size(stime) =               13744209920
 size(next_mem) =                 429507584
 size(omega_A_fp) =               2577039360
 size(psib) =                805306368
 size(psi) =              13744209920
 size(phi) =                 53688320
 size(stime) =               13744209920
 size(next_mem) =                 429507584
 size(omega_A_fp) =               2577039360
 size(omega_A_fp) =               2577039360
 size(next_mem) =                 429507584
 size(omega_A_fp) =               2577039360
 size(next_mem) =                 429507584
 size(omega_A_fp) =               2577039360
 size(omega_A_fp) =               2577039360
 size(next_mem) =                 429507584
 size(omega_A_fp) =               2577039360
 size(psib) =                805306368
 size(psi) =              13744209920
 size(phi) =                 53688320
 size(stime) =               13744209920
 size(next_mem) =                 429507584
 size(omega_A_fp) =               2577039360
 size(omega_A_fp) =               2577039360
 size(psib) =                805306368
 size(psi) =              13744209920
 size(phi) =                 53688320
 size(stime) =               13744209920
 size(next_mem) =                 429507584
 size(omega_A_fp) =               2577039360
 size(omega_A_fp) =               2577039360
 size(psib) =                805306368
 size(psi) =              13744209920
 size(phi) =                 53688320
 size(psib) =                805306368
 size(psi) =              13744209920
 size(phi) =                 53688320
 size(stime) =               13744209920
 size(next_mem) =                 429507584
 size(omega_A_fp) =               2577039360
 size(phi) =                 53688320
 size(stime) =               13744209920
 size(stime) =               13744209920
 size(stime) =               13744209920
 size(next_mem) =                 429507584
 size(omega_A_fp) =               2577039360
 size(psib) =                805306368
 size(psi) =              13744209920
 size(phi) =                 53688320
 size(stime) =               13744209920
 size(next_mem) =                 429507584
 size(omega_A_fp) =               2577039360
 size(next_mem) =                 429507584
 size(omega_A_fp) =               2577039360
 size(next_mem) =                 429507584
 size(omega_A_fp) =               2577039360
 True flux iterations =             1
 True flux iterations =             1
 True flux iterations =             1
 True flux iterations =             1
CYCLE 1 timerad = 3e-06
 
TempIters = 4 FluxIters = 4 GTAIters = 0
TrMax =     0.0031622776601684 in Zone 16396 on Node 95
TeMax =     0.0031622776601684 in Zone 32949 on Node 31
Recommended time step for next rad cycle = 6e-05
 
 
********** Run Time Statistics **********
                  Cycle Advance             Accumulated 
                     Time (sec)         Angle Loop Time (sec)
RADTR              = 20.693566             8.0252001659974
 
 True flux iterations =             2
 True flux iterations =             3
 True flux iterations =             1
 True flux iterations =             1
 True flux iterations =             1
CYCLE 2 timerad = 6.3e-05
 
TempIters = 5 FluxIters = 5 GTAIters = 0
TrMax =     0.364592199725 in Zone 32898 on Node 32
TeMax =     0.0075234782306745 in Zone 50438 on Node 56
Recommended time step for next rad cycle = 6e-05
 
 
********** Run Time Statistics **********
                  Cycle Advance             Accumulated 
                     Time (sec)         Angle Loop Time (sec)
RADTR              = 28.502185             22.287123083996
 
 True flux iterations =             2
 True flux iterations =             3
 True flux iterations =             1
 True flux iterations =             1
 True flux iterations =             1
 True flux iterations =             1
 True flux iterations =             1
 True flux iterations =             1
CYCLE 3 timerad = 0.000123
 
TempIters = 8 FluxIters = 8 GTAIters = 0
TrMax =     0.43263702948757 in Zone 49038 on Node 32
TeMax =     0.14207129578951 in Zone 49038 on Node 56
Recommended time step for next rad cycle = 6e-05
 
 
********** Run Time Statistics **********
                  Cycle Advance             Accumulated 
                     Time (sec)         Angle Loop Time (sec)
RADTR              = 36.032414             42.598943634981
 
 True flux iterations =             2
 True flux iterations =             3
 True flux iterations =             1
 True flux iterations =             1
 True flux iterations =             1
 True flux iterations =             1
 True flux iterations =             1
 True flux iterations =             1
CYCLE 4 timerad = 0.000183
 
TempIters = 8 FluxIters = 8 GTAIters = 0
TrMax =     0.47777565112926 in Zone 49038 on Node 32
TeMax =     0.1876896408518 in Zone 32898 on Node 32
Recommended time step for next rad cycle = 6e-05
 
 
********** Run Time Statistics **********
                  Cycle Advance             Accumulated 
                     Time (sec)         Angle Loop Time (sec)
RADTR              = 36.172023             62.874092625978
 
 True flux iterations =             2
 True flux iterations =             3
 True flux iterations =             1
 True flux iterations =             1
 True flux iterations =             1
 True flux iterations =             1
 True flux iterations =             1
 True flux iterations =             1
CYCLE 5 timerad = 0.000243
 
TempIters = 8 FluxIters = 8 GTAIters = 0
TrMax =     0.51233672654577 in Zone 49037 on Node 32
TeMax =     0.22394100235713 in Zone 49037 on Node 32
Recommended time step for next rad cycle = 6e-05
 
 
********** Run Time Statistics **********
                  Cycle Advance             Accumulated 
                     Time (sec)         Angle Loop Time (sec)
RADTR              = 36.218741             83.13789080998
 
 True flux iterations =             2
 True flux iterations =             2
 True flux iterations =             1
 True flux iterations =             1
 True flux iterations =             1
 True flux iterations =             1
 True flux iterations =             1
 True flux iterations =             1
CYCLE 6 timerad = 0.000303
 
TempIters = 8 FluxIters = 8 GTAIters = 0
TrMax =     0.54062904636736 in Zone 41633 on Node 32
TeMax =     0.25504594781822 in Zone 49037 on Node 32
Recommended time step for next rad cycle = 6e-05
 
 
********** Run Time Statistics **********
                  Cycle Advance             Accumulated 
                     Time (sec)         Angle Loop Time (sec)
RADTR              = 35.083661             102.52157510997
 
 SuOlson setting last step's dt=3.1e-05
 True flux iterations =             2
 True flux iterations =             1
 True flux iterations =             1
 True flux iterations =             1
 True flux iterations =             1
CYCLE 7 timerad = 0.000334
 
TempIters = 5 FluxIters = 5 GTAIters = 0
TrMax =     0.55355936068459 in Zone 48389 on Node 64
TeMax =     0.27044841658418 in Zone 33269 on Node 32
Recommended time step for next rad cycle = 6e-05
 
 
********** Run Time Statistics **********
                  Cycle Advance             Accumulated 
                     Time (sec)         Angle Loop Time (sec)
RADTR              = 25.286128             114.55991517797
 
 SuOlson Test version 1.0 completed at time= 0.000334  goalTime= 0.000334
 Computing error check along x=0.00520833, y=0.00390625
 z=    0.01 tInterpolated=  0.00533376 tExact=    0.00468 error=0.000653763
 z=     0.1 tInterpolated=  0.00533376 tExact=    0.00468 error=0.000653763
 z= 0.17783 tInterpolated=  0.00533376 tExact=    0.00468 error=0.000653761
 z= 0.31623 tInterpolated=  0.00533265 tExact=    0.00468 error= 0.00065265
 z=    0.45 tInterpolated=  0.00502088 tExact=    0.00455 error=0.000470883
 z=     0.5 tInterpolated=   0.0026747 tExact=    0.00234 error=0.000334705
 z= 0.56234 tInterpolated= 0.000195655 tExact=      5e-05 error=0.000145655
 z=    0.75 tInterpolated= 5.27674e-08 tExact=          0 error=5.27674e-08
ngroups = 16
nangsn = 256
tot zones = 5033280
numUnknowns = 1.64931e+11
cumulativeIterationCount= 46 cumulativeWorkTime=217.989 s.
figure of merit = 3.48037e+10
stopping mps ...


PS:

Read file <6100.err> for stderr output of this job.

