1: 0: from Timer_Print: could not open timing_summary.22506
1: 0: timing summary printed to stderr
1: 0: 
1: 0: ------------------------------------------------------------------------------------------------
1: 0: Timing  summary:                 #calls       avg(sec)     min(sec) minRank     max(sec) maxRank
1: 0: ------------------------------------------------------------------------------------------------
1: 0: work                                  1       193.791      193.782      76      193.803      31
1: 0: getgeometry                           7         2.244        2.195      68        2.303      75
1: 0: reflect                               7         0.098        0.000      38        0.253      72
1: 0: rtorder                               7        37.580       36.256      40       40.217      63
1: 0: findexit                              7         6.972        4.646      63        8.626      40
1: 0: scheduler                             7         0.001        0.001      52        0.001      14
1: 0: advanceRT                             7         8.685        8.613      36        8.823      89
1: 0: _ZoneLoop0                            7         0.021        0.020      42        0.022      62
1: 0: _snmoments1                           7         8.418        8.347      37        8.564      89
1: 0: __snmoments                         492         0.014        0.013      36        0.016      37
1: 0: _ZoneLoop2                            7         0.047        0.034      77        0.053      84
1: 0: rtstrtsn                              7         0.222        0.214      95        0.231      75
1: 0: _initialize                           7         0.035        0.031      60        0.038      24
1: 0: _zoneaverage                          7         0.037        0.033      41        0.041      60
1: 0: compton                               7         0.026        0.020      21        0.032      24
1: 0: absorbrate                           52         0.232        0.218      65        0.253      93
1: 0: material                             52         7.486        6.462      95        9.850      16
1: 0: exch                                 45        11.553        7.668      72       14.772      61
1: 0: rswpmd                               45       110.179      106.968      61      114.108       5
1: 0: _setflux                            103         3.268        2.431      92        4.287      60
1: 0: _initexch                            58         3.522        0.197      61        7.735       5
1: 0: _sweepoct                           436       100.296       96.288       0      101.910      62
1: 0: __exch                              436        30.366       19.160       5       37.083      33
1: 0: rtconi                               45         0.770        0.737      61        0.822      73
1: 0: rtconv                               45         4.169        2.238      16        4.908      95
1: 0: bdyedt                                7         0.688        0.686       9        0.689      37
