1: 15: /dev/shm/dappelh/nvcache_15
1: 3: /dev/shm/dappelh/nvcache_3
1: 17: /dev/shm/dappelh/nvcache_17
1: 20: /dev/shm/dappelh/nvcache_20
1: 18: /dev/shm/dappelh/nvcache_18
1: 6: /dev/shm/dappelh/nvcache_6
1: 5: /dev/shm/dappelh/nvcache_5
1: 19: /dev/shm/dappelh/nvcache_19
1: 9: /dev/shm/dappelh/nvcache_9
1: 21: /dev/shm/dappelh/nvcache_21
1: 16: /dev/shm/dappelh/nvcache_16
1: 2: /dev/shm/dappelh/nvcache_2
1: 8: /dev/shm/dappelh/nvcache_8
1: 14: /dev/shm/dappelh/nvcache_14
1: 23: /dev/shm/dappelh/nvcache_23
1: 10: /dev/shm/dappelh/nvcache_10
1: 1: /dev/shm/dappelh/nvcache_1
1: 22: /dev/shm/dappelh/nvcache_22
1: 0: /dev/shm/dappelh/nvcache_0
1: 7: /dev/shm/dappelh/nvcache_7
1: 12: /dev/shm/dappelh/nvcache_12
1: 4: /dev/shm/dappelh/nvcache_4
1: 13: /dev/shm/dappelh/nvcache_13
1: 11: /dev/shm/dappelh/nvcache_11
1: 0:  Executing UMT2015 Number of ranks =24
1: 0:  and number of OMP threads  =14
1: 0:  gridFileName: 4x2x3_38.cmg
1: 0:  setting the number of groups=16
1: 0:  Running with Product Quadrature 
1: 0:  setting number of polar angles     = 8
1: 0:  setting number of azimuthal angles = 4
1: 0:  Building mesh...
1: 0:  Mesh complete.
1: 0:  Initializing Teton object...
1: 0:     done.
1: 0:  Starting time advance...
1: 0:  sweep_mem =              22248612864
1: 0:  True flux iterations =             1
1: 0:  True flux iterations =             1
1: 0:  True flux iterations =             1
1: 0:  True flux iterations =             1
1: 0: CYCLE 1 timerad = 3e-06
1: 0:  
1: 0: TempIters = 4 FluxIters = 4 GTAIters = 0
1: 0: TrMax =     0.0031622776601684 in Zone 63595 on Node 23
1: 0: TeMax =     0.0031622776601684 in Zone 65640 on Node 6
1: 0: Recommended time step for next rad cycle = 6e-05
1: 0:  
1: 0:  
1: 0: ********** Run Time Statistics **********
1: 0:                   Cycle Advance             Accumulated 
1: 0:                      Time (sec)         Angle Loop Time (sec)
1: 0: RADTR              = 17.878322             6.9614588026889
1: 0:  
1: 0:  True flux iterations =             2
1: 0:  True flux iterations =             1
1: 0:  True flux iterations =             1
1: 0:  True flux iterations =             1
1: 0:  True flux iterations =             1
1: 0: CYCLE 2 timerad = 6.3e-05
1: 0:  
1: 0: TempIters = 5 FluxIters = 5 GTAIters = 0
1: 0: TrMax =     0.364592199725 in Zone 59663 on Node 21
1: 0: TeMax =     0.0075234782306745 in Zone 64712 on Node 21
1: 0: Recommended time step for next rad cycle = 6e-05
1: 0:  
1: 0:  
1: 0: ********** Run Time Statistics **********
1: 0:                   Cycle Advance             Accumulated 
1: 0:                      Time (sec)         Angle Loop Time (sec)
1: 0: RADTR              = 21.870418             17.367827520706
1: 0:  
1: 0:  True flux iterations =             2
1: 0:  True flux iterations =             1
1: 0:  True flux iterations =             1
1: 0:  True flux iterations =             1
1: 0:  True flux iterations =             1
1: 0:  True flux iterations =             1
1: 0: CYCLE 3 timerad = 0.000123
1: 0:  
1: 0: TempIters = 6 FluxIters = 6 GTAIters = 0
1: 0: TrMax =     0.43263702948757 in Zone 65403 on Node 21
1: 0: TeMax =     0.14207129578951 in Zone 65403 on Node 21
1: 0: Recommended time step for next rad cycle = 6e-05
1: 0:  
1: 0:  
1: 0: ********** Run Time Statistics **********
1: 0:                   Cycle Advance             Accumulated 
1: 0:                      Time (sec)         Angle Loop Time (sec)
1: 0: RADTR              = 23.868181             29.520329452585
1: 0:  
1: 0:  True flux iterations =             2
1: 0:  True flux iterations =             1
1: 0:  True flux iterations =             1
1: 0:  True flux iterations =             1
1: 0:  True flux iterations =             1
1: 0:  True flux iterations =             1
1: 0: CYCLE 4 timerad = 0.000183
1: 0:  
1: 0: TempIters = 6 FluxIters = 6 GTAIters = 0
1: 0: TrMax =     0.47777565112925 in Zone 83799 on Node 12
1: 0: TeMax =     0.1876896408518 in Zone 83799 on Node 12
1: 0: Recommended time step for next rad cycle = 6e-05
1: 0:  
1: 0:  
1: 0: ********** Run Time Statistics **********
1: 0:                   Cycle Advance             Accumulated 
1: 0:                      Time (sec)         Angle Loop Time (sec)
1: 0: RADTR              = 24.004776             41.715591809712
1: 0:  
1: 0:  True flux iterations =             2
1: 0:  True flux iterations =             1
1: 0:  True flux iterations =             1
1: 0:  True flux iterations =             1
1: 0:  True flux iterations =             1
1: 0:  True flux iterations =             1
1: 0: CYCLE 5 timerad = 0.000243
1: 0:  
1: 0: TempIters = 6 FluxIters = 6 GTAIters = 0
1: 0: TrMax =     0.51233672654571 in Zone 55707 on Node 6
1: 0: TeMax =     0.22394100235712 in Zone 55707 on Node 6
1: 0: Recommended time step for next rad cycle = 6e-05
1: 0:  
1: 0:  
1: 0: ********** Run Time Statistics **********
1: 0:                   Cycle Advance             Accumulated 
1: 0:                      Time (sec)         Angle Loop Time (sec)
1: 0: RADTR              = 24.037436             53.883175484603
1: 0:  
1: 0:  True flux iterations =             2
1: 0:  True flux iterations =             1
1: 0:  True flux iterations =             1
1: 0:  True flux iterations =             1
1: 0:  True flux iterations =             1
1: 0:  True flux iterations =             1
1: 0: CYCLE 6 timerad = 0.000303
1: 0:  
1: 0: TempIters = 6 FluxIters = 6 GTAIters = 0
1: 0: TrMax =     0.54062904636702 in Zone 55707 on Node 6
1: 0: TeMax =     0.25504594781816 in Zone 55707 on Node 6
1: 0: Recommended time step for next rad cycle = 6e-05
1: 0:  
1: 0:  
1: 0: ********** Run Time Statistics **********
1: 0:                   Cycle Advance             Accumulated 
1: 0:                      Time (sec)         Angle Loop Time (sec)
1: 0: RADTR              = 24.102597             66.048121037893
1: 0:  
1: 0:  SuOlson setting last step's dt=3.1e-05
1: 0:  True flux iterations =             2
1: 0:  True flux iterations =             1
1: 0:  True flux iterations =             1
1: 0:  True flux iterations =             1
1: 0:  True flux iterations =             1
1: 0: CYCLE 7 timerad = 0.000334
1: 0:  
1: 0: TempIters = 5 FluxIters = 5 GTAIters = 0
1: 0: TrMax =     0.55355936068397 in Zone 83799 on Node 12
1: 0: TeMax =     0.27044841658406 in Zone 83799 on Node 12
1: 0: Recommended time step for next rad cycle = 6e-05
1: 0:  
1: 0:  
1: 0: ********** Run Time Statistics **********
1: 0:                   Cycle Advance             Accumulated 
1: 0:                      Time (sec)         Angle Loop Time (sec)
1: 0: RADTR              = 21.74374             76.503584441962
1: 0:  
1: 0:  SuOlson Test version 1.0 completed at time= 0.000334  goalTime= 0.000334
1: 0:  Computing error check along x=0.00328947, y=0.00657895
1: 0:  z=    0.01 tInterpolated=  0.00533376 tExact=    0.00468 error=0.000653763
1: 0:  z=     0.1 tInterpolated=  0.00533376 tExact=    0.00468 error=0.000653763
1: 0:  z= 0.17783 tInterpolated=  0.00533376 tExact=    0.00468 error=0.000653761
1: 0:  z= 0.31623 tInterpolated=  0.00533261 tExact=    0.00468 error=0.000652607
1: 0:  z=    0.45 tInterpolated=  0.00501928 tExact=    0.00455 error=0.000469281
1: 0:  z=     0.5 tInterpolated=  0.00267138 tExact=    0.00234 error=0.000331379
1: 0:  z= 0.56234 tInterpolated= 0.000193691 tExact=      5e-05 error=0.000143691
1: 0:  z=    0.75 tInterpolated= 5.36793e-08 tExact=          0 error=5.36793e-08
1: 0: ngroups = 16
1: 0: nangsn = 256
1: 0: tot zones = 2107200
1: 0: numUnknowns = 6.90487e+10
1: 0: cumulativeIterationCount= 38 cumulativeWorkTime=157.505 s.
1: 0: figure of merit = 1.66588e+10
1: 14: Cleaning up nvcache path
1: 1: Cleaning up nvcache path
1: 19: Cleaning up nvcache path
1: 6: Cleaning up nvcache path
1: 17: Cleaning up nvcache path
1: 7: Cleaning up nvcache path
1: 10: Cleaning up nvcache path
1: 12: Cleaning up nvcache path
1: 2: Cleaning up nvcache path
1: 20: Cleaning up nvcache path
1: 8: Cleaning up nvcache path
1: 13: Cleaning up nvcache path
1: 11: Cleaning up nvcache path
1: 15: Cleaning up nvcache path
1: 4: Cleaning up nvcache path
1: 9: Cleaning up nvcache path
1: 16: Cleaning up nvcache path
1: 23: Cleaning up nvcache path
1: 3: Cleaning up nvcache path
1: 0: Cleaning up nvcache path
1: 22: Cleaning up nvcache path
1: 18: Cleaning up nvcache path
1: 5: Cleaning up nvcache path
1: 21: Cleaning up nvcache path

------------------------------------------------------------
Sender: LSF System <lsfadmin@login1>
Subject: Job 22554: <Not_Specified> in cluster <peak> Done

Job <Not_Specified> was submitted from host <login1> by user <dappelh> in cluster <peak> at Wed Jun 20 17:03:36 2018
Job was executed on host(s) <1*login1>, in queue <batch>, as user <dappelh> in cluster <peak> at Wed Jun 20 17:03:37 2018
                            <42*h41n07>
                            <42*h41n10>
                            <42*h41n12>
                            <42*h41n13>
</ccs/home/dappelh> was used as the home directory.
</ccs/home/dappelh/codes/coral/umt2016-managed/june-runs> was used as the working directory.
Started at Wed Jun 20 17:03:37 2018
Terminated at Wed Jun 20 17:11:51 2018
Results reported at Wed Jun 20 17:11:51 2018

The output (if any) is above this job summary.



PS:

Read file <22554.err> for stderr output of this job.

