1: 0: from Timer_Print: could not open timing_summary.22554
1: 0: timing summary printed to stderr
1: 0: 
1: 0: ------------------------------------------------------------------------------------------------
1: 0: Timing  summary:                 #calls       avg(sec)     min(sec) minRank     max(sec) maxRank
1: 0: ------------------------------------------------------------------------------------------------
1: 0: work                                  1       157.514      157.505       4      157.518       7
1: 0: getgeometry                           7         2.241        2.206      14        2.294      21
1: 0: reflect                               7         0.156        0.085      13        0.257      21
1: 0: rtorder                               7        37.819       37.029      18       40.366      17
1: 0: findexit                              7         4.050        1.785      17        5.085      14
1: 0: scheduler                             7         0.001        0.001       4        0.001       8
1: 0: advanceRT                             7         8.687        8.628      18        8.819      23
1: 0: _ZoneLoop0                            7         0.021        0.021       2        0.021       8
1: 0: _snmoments1                           7         8.413        8.350      18        8.558      23
1: 0: __snmoments                         408         0.011        0.010      18        0.012      19
1: 0: _ZoneLoop2                            7         0.047        0.035      23        0.052      12
1: 0: rtstrtsn                              7         0.221        0.212       5        0.228      16
1: 0: _initialize                           7         0.035        0.031       5        0.036       6
1: 0: _zoneaverage                          7         0.037        0.034      11        0.041       1
1: 0: compton                               7         0.027        0.019       0        0.031      10
1: 0: absorbrate                           45         0.210        0.191      23        0.239       5
1: 0: material                             45         5.940        5.691      19        6.287      14
1: 0: exch                                 38         7.012        5.132      18        8.323       7
1: 0: rswpmd                               38        84.688       83.379      10       86.565      18
1: 0: _setflux                             82         2.549        1.600      23        3.552       6
1: 0: _initexch                            44         1.640        0.220      10        3.681      20
1: 0: _sweepoct                           352        78.310       76.199       3       79.482      11
1: 0: __exch                              352        18.390       13.703       3       22.649       7
1: 0: rtconi                               38         0.705        0.665       5        0.745      23
1: 0: rtconv                               38         2.164        1.751      14        2.419      18
1: 0: bdyedt                                7         0.685        0.684      23        0.686       1
